#
# There is insufficient memory for the Java Runtime Environment to continue.
# Native memory allocation (malloc) failed to allocate 1383216 bytes for Chunk::new
# Possible reasons:
#   The system is out of physical RAM or swap space
#   The process is running with CompressedOops enabled, and the Java Heap may be blocking the growth of the native heap
# Possible solutions:
#   Reduce memory load on the system
#   Increase physical memory or swap space
#   Check if swap backing store is full
#   Decrease Java heap size (-Xmx/-Xms)
#   Decrease number of Java threads
#   Decrease Java thread stack sizes (-Xss)
#   Set larger code cache with -XX:ReservedCodeCacheSize=
#   JVM is running with Unscaled Compressed Oops mode in which the Java heap is
#     placed in the first 4GB address space. The Java Heap base address is the
#     maximum limit for the native heap growth. Please use -XX:HeapBaseMinAddress
#     to set the Java Heap base and to place the Java Heap above 4GB virtual address.
# This output file may be truncated or incomplete.
#
#  Out of Memory Error (arena.cpp:189), pid=11320, tid=3268
#
# JRE version: Java(TM) SE Runtime Environment (17.0.12+8) (build 17.0.12+8-LTS-286)
# Java VM: Java HotSpot(TM) 64-Bit Server VM (17.0.12+8-LTS-286, mixed mode, sharing, tiered, compressed oops, compressed class ptrs, g1 gc, windows-amd64)
# No core dump will be written. Minidumps are not enabled by default on client versions of Windows
#

---------------  S U M M A R Y ------------

Command Line: --add-opens=java.base/java.lang=ALL-UNNAMED --add-opens=java.base/java.lang.invoke=ALL-UNNAMED --add-opens=java.base/java.util=ALL-UNNAMED --add-opens=java.prefs/java.util.prefs=ALL-UNNAMED --add-exports=jdk.compiler/com.sun.tools.javac.api=ALL-UNNAMED --add-exports=jdk.compiler/com.sun.tools.javac.util=ALL-UNNAMED --add-opens=java.base/java.util=ALL-UNNAMED --add-opens=java.prefs/java.util.prefs=ALL-UNNAMED --add-opens=java.base/java.nio.charset=ALL-UNNAMED --add-opens=java.base/java.net=ALL-UNNAMED --add-opens=java.base/java.util.concurrent=ALL-UNNAMED --add-opens=java.base/java.util.concurrent.atomic=ALL-UNNAMED --add-opens=java.xml/javax.xml.namespace=ALL-UNNAMED --add-opens=java.base/java.time=ALL-UNNAMED -XX:MaxMetaspaceSize=384m -XX:+HeapDumpOnOutOfMemoryError -Xms256m -Xmx512m -Dfile.encoding=UTF-8 -Duser.country=US -Duser.language=en -Duser.variant -javaagent:C:\Users\Sora_Windows\.gradle\wrapper\dists\gradle-9.2.1-bin\2t0n5ozlw9xmuyvbp7dnzaxug\gradle-9.2.1\lib\agents\gradle-instrumentation-agent-9.2.1.jar org.gradle.launcher.daemon.bootstrap.GradleDaemon 9.2.1

Host: Intel(R) Core(TM) i7-4770HQ CPU @ 2.20GHz, 8 cores, 15G,  Windows 10 , 64 bit Build 19041 (10.0.19041.1889)
Time: Sat Dec 13 14:51:23 2025 Tokyo Standard Time elapsed time: 913.025337 seconds (0d 0h 15m 13s)

---------------  T H R E A D  ---------------

Current thread (0x0000026feac59a00):  JavaThread "C2 CompilerThread0" daemon [_thread_in_native, id=3268, stack(0x00000071fe600000,0x00000071fe700000)]


Current CompileTask:
C2: 913025 16050       4       org.gradle.internal.service.TypeStringFormatter::format (178 bytes)

Stack: [0x00000071fe600000,0x00000071fe700000]
Native frames: (J=compiled Java code, j=interpreted, Vv=VM code, C=native code)
V  [jvm.dll+0x67a04a]
V  [jvm.dll+0x7da4ed]
V  [jvm.dll+0x7dbe33]
V  [jvm.dll+0x7dc4a3]
V  [jvm.dll+0x24508f]
V  [jvm.dll+0xab773]
V  [jvm.dll+0xabd3c]
V  [jvm.dll+0x361b9f]
V  [jvm.dll+0x32c431]
V  [jvm.dll+0x32b8ca]
V  [jvm.dll+0x21683f]
V  [jvm.dll+0x215c6f]
V  [jvm.dll+0x1a2960]
V  [jvm.dll+0x22610b]
V  [jvm.dll+0x2242ab]
V  [jvm.dll+0x79075c]
V  [jvm.dll+0x78abea]
V  [jvm.dll+0x678f35]
C  [ucrtbase.dll+0x21bb2]
C  [KERNEL32.DLL+0x17034]
C  [ntdll.dll+0x526a1]


---------------  P R O C E S S  ---------------

Threads class SMR info:
_java_thread_list=0x0000026f9b7c8dd0, length=42, elements={
0x0000026fd03438d0, 0x0000026feac3ca60, 0x0000026feac3d7b0, 0x0000026feac51cd0,
0x0000026feac546b0, 0x0000026feac54f80, 0x0000026feac55850, 0x0000026feac59a00,
0x0000026feac837f0, 0x0000026feac8e8e0, 0x0000026feac22f50, 0x0000026f992e65f0,
0x0000026f99f52e20, 0x0000026f9b570c80, 0x0000026f9b1c1c40, 0x0000026f9b479aa0,
0x0000026f9b47b3f0, 0x0000026f9b47b900, 0x0000026f9b478b70, 0x0000026f9ca3bef0,
0x0000026f9ca43360, 0x0000026f9ca3fbb0, 0x0000026f9ca400c0, 0x0000026f9ca42430,
0x0000026f9ca3f190, 0x0000026f9ca3d840, 0x0000026f9ca3c400, 0x0000026f9ca3ce20,
0x0000026f9ef24640, 0x0000026f9efd1370, 0x0000026f9ccc20d0, 0x0000026f9e96a590,
0x0000026f9ca40ae0, 0x0000026f9ef24b50, 0x0000026f9ccc1bc0, 0x0000026f9f19fd40,
0x0000026f9f19f830, 0x0000026f9f19d9d0, 0x0000026f9f19d4c0, 0x0000026f9f19c590,
0x0000026f9f19e3f0, 0x0000026f9da8e220
}

Java Threads: ( => current thread )
  0x0000026fd03438d0 JavaThread "main" [_thread_blocked, id=11432, stack(0x00000071fd900000,0x00000071fda00000)]
  0x0000026feac3ca60 JavaThread "Reference Handler" daemon [_thread_blocked, id=10992, stack(0x00000071fe000000,0x00000071fe100000)]
  0x0000026feac3d7b0 JavaThread "Finalizer" daemon [_thread_blocked, id=9824, stack(0x00000071fe100000,0x00000071fe200000)]
  0x0000026feac51cd0 JavaThread "Signal Dispatcher" daemon [_thread_blocked, id=14688, stack(0x00000071fe200000,0x00000071fe300000)]
  0x0000026feac546b0 JavaThread "Attach Listener" daemon [_thread_blocked, id=12752, stack(0x00000071fe300000,0x00000071fe400000)]
  0x0000026feac54f80 JavaThread "Service Thread" daemon [_thread_blocked, id=12244, stack(0x00000071fe400000,0x00000071fe500000)]
  0x0000026feac55850 JavaThread "Monitor Deflation Thread" daemon [_thread_blocked, id=5280, stack(0x00000071fe500000,0x00000071fe600000)]
=>0x0000026feac59a00 JavaThread "C2 CompilerThread0" daemon [_thread_in_native, id=3268, stack(0x00000071fe600000,0x00000071fe700000)]
  0x0000026feac837f0 JavaThread "C1 CompilerThread0" daemon [_thread_blocked, id=2908, stack(0x00000071fe700000,0x00000071fe800000)]
  0x0000026feac8e8e0 JavaThread "Sweeper thread" daemon [_thread_blocked, id=15420, stack(0x00000071fe800000,0x00000071fe900000)]
  0x0000026feac22f50 JavaThread "Common-Cleaner" daemon [_thread_blocked, id=10760, stack(0x00000071fe900000,0x00000071fea00000)]
  0x0000026f992e65f0 JavaThread "Notification Thread" daemon [_thread_blocked, id=2300, stack(0x00000071fea00000,0x00000071feb00000)]
  0x0000026f99f52e20 JavaThread "Daemon health stats" [_thread_blocked, id=9148, stack(0x00000071ff400000,0x00000071ff500000)]
  0x0000026f9b570c80 JavaThread "Incoming local TCP Connector on port 59072" [_thread_in_native, id=8200, stack(0x00000071ff500000,0x00000071ff600000)]
  0x0000026f9b1c1c40 JavaThread "Daemon periodic checks" [_thread_blocked, id=18192, stack(0x00000071ff600000,0x00000071ff700000)]
  0x0000026f9b479aa0 JavaThread "Cache worker for journal cache (C:\Users\Sora_Windows\.gradle\caches\journal-1)" [_thread_blocked, id=18332, stack(0x00000071ffe00000,0x00000071fff00000)]
  0x0000026f9b47b3f0 JavaThread "File lock request listener" [_thread_in_native, id=8856, stack(0x00000071fff00000,0x0000007200000000)]
  0x0000026f9b47b900 JavaThread "Cache worker for file hash cache (C:\Users\Sora_Windows\.gradle\caches\9.2.1\fileHashes)" [_thread_blocked, id=15184, stack(0x0000007180000000,0x0000007180100000)]
  0x0000026f9b478b70 JavaThread "File watcher server" daemon [_thread_in_native, id=12336, stack(0x0000007180500000,0x0000007180600000)]
  0x0000026f9ca3bef0 JavaThread "File watcher consumer" daemon [_thread_blocked, id=13604, stack(0x0000007180600000,0x0000007180700000)]
  0x0000026f9ca43360 JavaThread "Cache worker for file content cache (C:\Users\Sora_Windows\.gradle\caches\9.2.1\fileContent)" [_thread_blocked, id=18700, stack(0x0000007180800000,0x0000007180900000)]
  0x0000026f9ca3fbb0 JavaThread "jar transforms" [_thread_blocked, id=3176, stack(0x0000007180b00000,0x0000007180c00000)]
  0x0000026f9ca400c0 JavaThread "jar transforms Thread 2" [_thread_blocked, id=18868, stack(0x0000007180d00000,0x0000007180e00000)]
  0x0000026f9ca42430 JavaThread "jar transforms Thread 3" [_thread_blocked, id=14056, stack(0x0000007180e00000,0x0000007180f00000)]
  0x0000026f9ca3f190 JavaThread "jar transforms Thread 4" [_thread_blocked, id=18596, stack(0x0000007180f00000,0x0000007181000000)]
  0x0000026f9ca3d840 JavaThread "jar transforms Thread 5" [_thread_blocked, id=3020, stack(0x0000007181000000,0x0000007181100000)]
  0x0000026f9ca3c400 JavaThread "jar transforms Thread 6" [_thread_blocked, id=7808, stack(0x0000007181100000,0x0000007181200000)]
  0x0000026f9ca3ce20 JavaThread "jar transforms Thread 7" [_thread_blocked, id=17500, stack(0x0000007181200000,0x0000007181300000)]
  0x0000026f9ef24640 JavaThread "jar transforms Thread 8" [_thread_blocked, id=17748, stack(0x0000007181300000,0x0000007181400000)]
  0x0000026f9efd1370 JavaThread "Memory manager" [_thread_blocked, id=12268, stack(0x0000007182b00000,0x0000007182c00000)]
  0x0000026f9ccc20d0 JavaThread "ForkJoinPool.commonPool-worker-2" daemon [_thread_blocked, id=18624, stack(0x0000007182e00000,0x0000007182f00000)]
  0x0000026f9e96a590 JavaThread "Cache worker for Java compile cache (C:\Users\Sora_Windows\.gradle\caches\9.2.1\javaCompile)" [_thread_blocked, id=10960, stack(0x0000007187c00000,0x0000007187d00000)]
  0x0000026f9ca40ae0 JavaThread "ForkJoinPool.commonPool-worker-8" daemon [_thread_blocked, id=2544, stack(0x0000007182f00000,0x0000007183000000)]
  0x0000026f9ef24b50 JavaThread "ForkJoinPool.commonPool-worker-15" daemon [_thread_blocked, id=12248, stack(0x0000007183000000,0x0000007183100000)]
  0x0000026f9ccc1bc0 JavaThread "Daemon Thread 8" [_thread_blocked, id=9024, stack(0x0000007180300000,0x0000007180400000)]
  0x0000026f9f19fd40 JavaThread "Handler for socket connection from /127.0.0.1:59072 to /127.0.0.1:59328" [_thread_in_native, id=9796, stack(0x0000007180400000,0x0000007180500000)]
  0x0000026f9f19f830 JavaThread "Cancel handler" [_thread_blocked, id=6624, stack(0x0000007180700000,0x0000007180800000)]
  0x0000026f9f19d9d0 JavaThread "Daemon worker Thread 7" [_thread_blocked, id=18004, stack(0x0000007180900000,0x0000007180a00000)]
  0x0000026f9f19d4c0 JavaThread "Asynchronous log dispatcher for DefaultDaemonConnection: socket connection from /127.0.0.1:59072 to /127.0.0.1:59328" [_thread_blocked, id=14168, stack(0x0000007180a00000,0x0000007180b00000)]
  0x0000026f9f19c590 JavaThread "Stdin handler" [_thread_blocked, id=10780, stack(0x0000007180c00000,0x0000007180d00000)]
  0x0000026f9f19e3f0 JavaThread "Daemon client event forwarder" [_thread_blocked, id=12656, stack(0x0000007181400000,0x0000007181500000)]
  0x0000026f9da8e220 JavaThread "C2 CompilerThread1" daemon [_thread_in_native, id=17156, stack(0x0000007181600000,0x0000007181700000)]

Other Threads:
  0x0000026feac367e0 VMThread "VM Thread" [stack: 0x00000071fdf00000,0x00000071fe000000] [id=17388]
  0x0000026f992e6ad0 WatcherThread [stack: 0x00000071feb00000,0x00000071fec00000] [id=18676]
  0x0000026fd036fd10 GCTaskThread "GC Thread#0" [stack: 0x00000071fda00000,0x00000071fdb00000] [id=18800]
  0x0000026f99701fc0 GCTaskThread "GC Thread#1" [stack: 0x00000071fee00000,0x00000071fef00000] [id=8880]
  0x0000026f993d1ad0 GCTaskThread "GC Thread#2" [stack: 0x00000071fef00000,0x00000071ff000000] [id=7836]
  0x0000026f993d1d90 GCTaskThread "GC Thread#3" [stack: 0x00000071ff000000,0x00000071ff100000] [id=10292]
  0x0000026f9978e4a0 GCTaskThread "GC Thread#4" [stack: 0x00000071ff100000,0x00000071ff200000] [id=5744]
  0x0000026f9978e760 GCTaskThread "GC Thread#5" [stack: 0x00000071ff200000,0x00000071ff300000] [id=7280]
  0x0000026f9ab2b2d0 GCTaskThread "GC Thread#6" [stack: 0x00000071fed00000,0x00000071fee00000] [id=16216]
  0x0000026f9ab2b850 GCTaskThread "GC Thread#7" [stack: 0x0000007180100000,0x0000007180200000] [id=19120]
  0x0000026fd0374a10 ConcurrentGCThread "G1 Main Marker" [stack: 0x00000071fdb00000,0x00000071fdc00000] [id=13160]
  0x0000026fd0375970 ConcurrentGCThread "G1 Conc#0" [stack: 0x00000071fdc00000,0x00000071fdd00000] [id=18328]
  0x0000026f9ab2c350 ConcurrentGCThread "G1 Conc#1" [stack: 0x0000007180200000,0x0000007180300000] [id=456]
  0x0000026feaaf44d0 ConcurrentGCThread "G1 Refine#0" [stack: 0x00000071fdd00000,0x00000071fde00000] [id=16248]
  0x0000026f997715c0 ConcurrentGCThread "G1 Refine#1" [stack: 0x00000071ff300000,0x00000071ff400000] [id=1500]
  0x0000026f9e2f1600 ConcurrentGCThread "G1 Refine#2" [stack: 0x0000007182c00000,0x0000007182d00000] [id=13844]
  0x0000026f9e2f1310 ConcurrentGCThread "G1 Refine#3" [stack: 0x0000007187200000,0x0000007187300000] [id=12500]
  0x0000026feaaf4cb0 ConcurrentGCThread "G1 Service" [stack: 0x00000071fde00000,0x00000071fdf00000] [id=10548]

Threads with active compile tasks:
C2 CompilerThread0   913053 16050       4       org.gradle.internal.service.TypeStringFormatter::format (178 bytes)
C2 CompilerThread1   913053 16056       4       jdk.internal.ref.PhantomCleanable::clear (12 bytes)

VM state: not at safepoint (normal execution)

VM Mutex/Monitor currently owned by a thread: None

OutOfMemory and StackOverflow Exception counts:
OutOfMemoryError java_heap_errors=1
LinkageErrors=217

Heap address: 0x00000000e0000000, size: 512 MB, Compressed Oops mode: 32-bit

CDS archive(s) mapped at: [0x0000026f80000000-0x0000026f80bd0000-0x0000026f80bd0000), size 12386304, SharedBaseAddress: 0x0000026f80000000, ArchiveRelocationMode: 1.
Compressed class space mapped at: 0x0000026f81000000-0x0000026f95000000, reserved size: 335544320
Narrow klass base: 0x0000026f80000000, Narrow klass shift: 0, Narrow klass range: 0x100000000

GC Precious Log:
 CPUs: 8 total, 8 available
 Memory: 16260M
 Large Page Support: Disabled
 NUMA Support: Disabled
 Compressed Oops: Enabled (32-bit)
 Heap Region Size: 1M
 Heap Min Capacity: 256M
 Heap Initial Capacity: 256M
 Heap Max Capacity: 512M
 Pre-touch: Disabled
 Parallel Workers: 8
 Concurrent Workers: 2
 Concurrent Refinement Workers: 8
 Periodic GC: Disabled

Heap:
 garbage-first heap   total 262144K, used 150800K [0x00000000e0000000, 0x0000000100000000)
  region size 1024K, 84 young (86016K), 6 survivors (6144K)
 Metaspace       used 77628K, committed 78720K, reserved 458752K
  class space    used 10563K, committed 11072K, reserved 327680K

Heap Regions: E=young(eden), S=young(survivor), O=old, HS=humongous(starts), HC=humongous(continues), CS=collection set, F=free, OA=open archive, CA=closed archive, TAMS=top-at-mark-start (previous, next)
|   0|0x00000000e0000000, 0x00000000e0100000, 0x00000000e0100000|100%|HS|  |TAMS 0x00000000e0100000, 0x00000000e0000000| Complete 
|   1|0x00000000e0100000, 0x00000000e0200000, 0x00000000e0200000|100%|HC|  |TAMS 0x00000000e0200000, 0x00000000e0100000| Complete 
|   2|0x00000000e0200000, 0x00000000e0300000, 0x00000000e0300000|100%|HC|  |TAMS 0x00000000e0300000, 0x00000000e0200000| Complete 
|   3|0x00000000e0300000, 0x00000000e0400000, 0x00000000e0400000|100%|HC|  |TAMS 0x00000000e0400000, 0x00000000e0300000| Complete 
|   4|0x00000000e0400000, 0x00000000e0500000, 0x00000000e0500000|100%| O|  |TAMS 0x00000000e0500000, 0x00000000e0400000| Untracked 
|   5|0x00000000e0500000, 0x00000000e0600000, 0x00000000e0600000|100%| O|  |TAMS 0x00000000e0600000, 0x00000000e0500000| Untracked 
|   6|0x00000000e0600000, 0x00000000e0700000, 0x00000000e0700000|100%| O|  |TAMS 0x00000000e0700000, 0x00000000e0600000| Untracked 
|   7|0x00000000e0700000, 0x00000000e0800000, 0x00000000e0800000|100%|HS|  |TAMS 0x00000000e0800000, 0x00000000e0700000| Complete 
|   8|0x00000000e0800000, 0x00000000e0900000, 0x00000000e0900000|100%| O|  |TAMS 0x00000000e0900000, 0x00000000e0800000| Untracked 
|   9|0x00000000e0900000, 0x00000000e0a00000, 0x00000000e0a00000|100%| O|  |TAMS 0x00000000e0a00000, 0x00000000e0900000| Untracked 
|  10|0x00000000e0a00000, 0x00000000e0b00000, 0x00000000e0b00000|100%| O|  |TAMS 0x00000000e0b00000, 0x00000000e0a00000| Untracked 
|  11|0x00000000e0b00000, 0x00000000e0c00000, 0x00000000e0c00000|100%| O|  |TAMS 0x00000000e0c00000, 0x00000000e0b00000| Untracked 
|  12|0x00000000e0c00000, 0x00000000e0d00000, 0x00000000e0d00000|100%| O|  |TAMS 0x00000000e0d00000, 0x00000000e0c00000| Untracked 
|  13|0x00000000e0d00000, 0x00000000e0e00000, 0x00000000e0e00000|100%| O|  |TAMS 0x00000000e0e00000, 0x00000000e0d00000| Untracked 
|  14|0x00000000e0e00000, 0x00000000e0f00000, 0x00000000e0f00000|100%| O|  |TAMS 0x00000000e0f00000, 0x00000000e0e00000| Untracked 
|  15|0x00000000e0f00000, 0x00000000e1000000, 0x00000000e1000000|100%| O|  |TAMS 0x00000000e1000000, 0x00000000e0f00000| Untracked 
|  16|0x00000000e1000000, 0x00000000e1100000, 0x00000000e1100000|100%| O|  |TAMS 0x00000000e1100000, 0x00000000e1000000| Untracked 
|  17|0x00000000e1100000, 0x00000000e1200000, 0x00000000e1200000|100%| O|  |TAMS 0x00000000e1200000, 0x00000000e1100000| Untracked 
|  18|0x00000000e1200000, 0x00000000e1300000, 0x00000000e1300000|100%| O|  |TAMS 0x00000000e1300000, 0x00000000e1200000| Untracked 
|  19|0x00000000e1300000, 0x00000000e1400000, 0x00000000e1400000|100%| O|  |TAMS 0x00000000e1400000, 0x00000000e1300000| Untracked 
|  20|0x00000000e1400000, 0x00000000e1500000, 0x00000000e1500000|100%| O|  |TAMS 0x00000000e1500000, 0x00000000e1400000| Untracked 
|  21|0x00000000e1500000, 0x00000000e1600000, 0x00000000e1600000|100%| O|  |TAMS 0x00000000e1600000, 0x00000000e1500000| Untracked 
|  22|0x00000000e1600000, 0x00000000e1700000, 0x00000000e1700000|100%| O|  |TAMS 0x00000000e1700000, 0x00000000e1600000| Untracked 
|  23|0x00000000e1700000, 0x00000000e1800000, 0x00000000e1800000|100%| O|  |TAMS 0x00000000e1792a00, 0x00000000e1700000| Untracked 
|  24|0x00000000e1800000, 0x00000000e1900000, 0x00000000e1900000|100%| O|  |TAMS 0x00000000e1800000, 0x00000000e1800000| Untracked 
|  25|0x00000000e1900000, 0x00000000e1a00000, 0x00000000e1a00000|100%| O|  |TAMS 0x00000000e1900000, 0x00000000e1900000| Untracked 
|  26|0x00000000e1a00000, 0x00000000e1b00000, 0x00000000e1b00000|100%| O|  |TAMS 0x00000000e1a00000, 0x00000000e1a00000| Untracked 
|  27|0x00000000e1b00000, 0x00000000e1c00000, 0x00000000e1c00000|100%| O|  |TAMS 0x00000000e1b00000, 0x00000000e1b00000| Untracked 
|  28|0x00000000e1c00000, 0x00000000e1d00000, 0x00000000e1d00000|100%| O|  |TAMS 0x00000000e1c00000, 0x00000000e1c00000| Untracked 
|  29|0x00000000e1d00000, 0x00000000e1e00000, 0x00000000e1e00000|100%| O|  |TAMS 0x00000000e1d00000, 0x00000000e1d00000| Untracked 
|  30|0x00000000e1e00000, 0x00000000e1f00000, 0x00000000e1f00000|100%| O|  |TAMS 0x00000000e1e00000, 0x00000000e1e00000| Untracked 
|  31|0x00000000e1f00000, 0x00000000e2000000, 0x00000000e2000000|100%| O|  |TAMS 0x00000000e1f00000, 0x00000000e1f00000| Untracked 
|  32|0x00000000e2000000, 0x00000000e2100000, 0x00000000e2100000|100%| O|  |TAMS 0x00000000e2000000, 0x00000000e2000000| Untracked 
|  33|0x00000000e2100000, 0x00000000e2200000, 0x00000000e2200000|100%| O|  |TAMS 0x00000000e2100000, 0x00000000e2100000| Untracked 
|  34|0x00000000e2200000, 0x00000000e2300000, 0x00000000e2300000|100%| O|  |TAMS 0x00000000e2200000, 0x00000000e2200000| Untracked 
|  35|0x00000000e2300000, 0x00000000e2400000, 0x00000000e2400000|100%| O|  |TAMS 0x00000000e2300000, 0x00000000e2300000| Untracked 
|  36|0x00000000e2400000, 0x00000000e2500000, 0x00000000e2500000|100%| O|  |TAMS 0x00000000e2400000, 0x00000000e2400000| Untracked 
|  37|0x00000000e2500000, 0x00000000e2600000, 0x00000000e2600000|100%| O|  |TAMS 0x00000000e2500000, 0x00000000e2500000| Untracked 
|  38|0x00000000e2600000, 0x00000000e2700000, 0x00000000e2700000|100%| O|  |TAMS 0x00000000e2600000, 0x00000000e2600000| Untracked 
|  39|0x00000000e2700000, 0x00000000e2800000, 0x00000000e2800000|100%| O|  |TAMS 0x00000000e2700000, 0x00000000e2700000| Untracked 
|  40|0x00000000e2800000, 0x00000000e2900000, 0x00000000e2900000|100%| O|  |TAMS 0x00000000e2800000, 0x00000000e2800000| Untracked 
|  41|0x00000000e2900000, 0x00000000e2a00000, 0x00000000e2a00000|100%| O|  |TAMS 0x00000000e2900000, 0x00000000e2900000| Untracked 
|  42|0x00000000e2a00000, 0x00000000e2b00000, 0x00000000e2b00000|100%| O|  |TAMS 0x00000000e2a00000, 0x00000000e2a00000| Untracked 
|  43|0x00000000e2b00000, 0x00000000e2c00000, 0x00000000e2c00000|100%| O|  |TAMS 0x00000000e2b00000, 0x00000000e2b00000| Untracked 
|  44|0x00000000e2c00000, 0x00000000e2d00000, 0x00000000e2d00000|100%| O|  |TAMS 0x00000000e2c00000, 0x00000000e2c00000| Untracked 
|  45|0x00000000e2d00000, 0x00000000e2e00000, 0x00000000e2e00000|100%| O|  |TAMS 0x00000000e2d00000, 0x00000000e2d00000| Untracked 
|  46|0x00000000e2e00000, 0x00000000e2f00000, 0x00000000e2f00000|100%| O|  |TAMS 0x00000000e2e00000, 0x00000000e2e00000| Untracked 
|  47|0x00000000e2f00000, 0x00000000e3000000, 0x00000000e3000000|100%| O|  |TAMS 0x00000000e2f00000, 0x00000000e2f00000| Untracked 
|  48|0x00000000e3000000, 0x00000000e3100000, 0x00000000e3100000|100%| O|  |TAMS 0x00000000e3000000, 0x00000000e3000000| Untracked 
|  49|0x00000000e3100000, 0x00000000e3200000, 0x00000000e3200000|100%| O|  |TAMS 0x00000000e3100000, 0x00000000e3100000| Untracked 
|  50|0x00000000e3200000, 0x00000000e3300000, 0x00000000e3300000|100%| O|  |TAMS 0x00000000e3200000, 0x00000000e3200000| Untracked 
|  51|0x00000000e3300000, 0x00000000e3400000, 0x00000000e3400000|100%| O|  |TAMS 0x00000000e3300000, 0x00000000e3300000| Untracked 
|  52|0x00000000e3400000, 0x00000000e3500000, 0x00000000e3500000|100%| O|  |TAMS 0x00000000e3400000, 0x00000000e3400000| Untracked 
|  53|0x00000000e3500000, 0x00000000e3600000, 0x00000000e3600000|100%| O|  |TAMS 0x00000000e3500000, 0x00000000e3500000| Untracked 
|  54|0x00000000e3600000, 0x00000000e3700000, 0x00000000e3700000|100%| O|  |TAMS 0x00000000e3600000, 0x00000000e3600000| Untracked 
|  55|0x00000000e3700000, 0x00000000e3800000, 0x00000000e3800000|100%| O|  |TAMS 0x00000000e3700000, 0x00000000e3700000| Untracked 
|  56|0x00000000e3800000, 0x00000000e3900000, 0x00000000e3900000|100%| O|  |TAMS 0x00000000e3800000, 0x00000000e3800000| Untracked 
|  57|0x00000000e3900000, 0x00000000e3a00000, 0x00000000e3a00000|100%| O|  |TAMS 0x00000000e3900000, 0x00000000e3900000| Untracked 
|  58|0x00000000e3a00000, 0x00000000e3b00000, 0x00000000e3b00000|100%| O|  |TAMS 0x00000000e3a00000, 0x00000000e3a00000| Untracked 
|  59|0x00000000e3b00000, 0x00000000e3c00000, 0x00000000e3c00000|100%| O|  |TAMS 0x00000000e3b00000, 0x00000000e3b00000| Untracked 
|  60|0x00000000e3c00000, 0x00000000e3d00000, 0x00000000e3d00000|100%| O|  |TAMS 0x00000000e3c00000, 0x00000000e3c00000| Untracked 
|  61|0x00000000e3d00000, 0x00000000e3e00000, 0x00000000e3e00000|100%| O|  |TAMS 0x00000000e3d00000, 0x00000000e3d00000| Untracked 
|  62|0x00000000e3e00000, 0x00000000e3f00000, 0x00000000e3f00000|100%| O|  |TAMS 0x00000000e3e00000, 0x00000000e3e00000| Untracked 
|  63|0x00000000e3f00000, 0x00000000e4000000, 0x00000000e4000000|100%| O|  |TAMS 0x00000000e3f00000, 0x00000000e3f00000| Untracked 
|  64|0x00000000e4000000, 0x00000000e4100000, 0x00000000e4100000|100%| O|  |TAMS 0x00000000e4000000, 0x00000000e4000000| Untracked 
|  65|0x00000000e4100000, 0x00000000e412d600, 0x00000000e4200000| 17%| O|  |TAMS 0x00000000e4100000, 0x00000000e4100000| Untracked 
|  66|0x00000000e4200000, 0x00000000e4200000, 0x00000000e4300000|  0%| F|  |TAMS 0x00000000e4200000, 0x00000000e4200000| Untracked 
|  67|0x00000000e4300000, 0x00000000e4300000, 0x00000000e4400000|  0%| F|  |TAMS 0x00000000e4300000, 0x00000000e4300000| Untracked 
|  68|0x00000000e4400000, 0x00000000e4400000, 0x00000000e4500000|  0%| F|  |TAMS 0x00000000e4400000, 0x00000000e4400000| Untracked 
|  69|0x00000000e4500000, 0x00000000e4500000, 0x00000000e4600000|  0%| F|  |TAMS 0x00000000e4500000, 0x00000000e4500000| Untracked 
|  70|0x00000000e4600000, 0x00000000e4600000, 0x00000000e4700000|  0%| F|  |TAMS 0x00000000e4600000, 0x00000000e4600000| Untracked 
|  71|0x00000000e4700000, 0x00000000e4700000, 0x00000000e4800000|  0%| F|  |TAMS 0x00000000e4700000, 0x00000000e4700000| Untracked 
|  72|0x00000000e4800000, 0x00000000e4800000, 0x00000000e4900000|  0%| F|  |TAMS 0x00000000e4800000, 0x00000000e4800000| Untracked 
|  73|0x00000000e4900000, 0x00000000e4900000, 0x00000000e4a00000|  0%| F|  |TAMS 0x00000000e4900000, 0x00000000e4900000| Untracked 
|  74|0x00000000e4a00000, 0x00000000e4a00000, 0x00000000e4b00000|  0%| F|  |TAMS 0x00000000e4a00000, 0x00000000e4a00000| Untracked 
|  75|0x00000000e4b00000, 0x00000000e4b00000, 0x00000000e4c00000|  0%| F|  |TAMS 0x00000000e4b00000, 0x00000000e4b00000| Untracked 
|  76|0x00000000e4c00000, 0x00000000e4c00000, 0x00000000e4d00000|  0%| F|  |TAMS 0x00000000e4c00000, 0x00000000e4c00000| Untracked 
|  77|0x00000000e4d00000, 0x00000000e4d00000, 0x00000000e4e00000|  0%| F|  |TAMS 0x00000000e4d00000, 0x00000000e4d00000| Untracked 
|  78|0x00000000e4e00000, 0x00000000e4e00000, 0x00000000e4f00000|  0%| F|  |TAMS 0x00000000e4e00000, 0x00000000e4e00000| Untracked 
|  79|0x00000000e4f00000, 0x00000000e4f00000, 0x00000000e5000000|  0%| F|  |TAMS 0x00000000e4f00000, 0x00000000e4f00000| Untracked 
|  80|0x00000000e5000000, 0x00000000e5000000, 0x00000000e5100000|  0%| F|  |TAMS 0x00000000e5000000, 0x00000000e5000000| Untracked 
|  81|0x00000000e5100000, 0x00000000e5100000, 0x00000000e5200000|  0%| F|  |TAMS 0x00000000e5100000, 0x00000000e5100000| Untracked 
|  82|0x00000000e5200000, 0x00000000e5200000, 0x00000000e5300000|  0%| F|  |TAMS 0x00000000e5200000, 0x00000000e5200000| Untracked 
|  83|0x00000000e5300000, 0x00000000e5300000, 0x00000000e5400000|  0%| F|  |TAMS 0x00000000e5300000, 0x00000000e5300000| Untracked 
|  84|0x00000000e5400000, 0x00000000e5400000, 0x00000000e5500000|  0%| F|  |TAMS 0x00000000e5400000, 0x00000000e5400000| Untracked 
|  85|0x00000000e5500000, 0x00000000e5500000, 0x00000000e5600000|  0%| F|  |TAMS 0x00000000e5500000, 0x00000000e5500000| Untracked 
|  86|0x00000000e5600000, 0x00000000e5600000, 0x00000000e5700000|  0%| F|  |TAMS 0x00000000e5600000, 0x00000000e5600000| Untracked 
|  87|0x00000000e5700000, 0x00000000e5700000, 0x00000000e5800000|  0%| F|  |TAMS 0x00000000e5700000, 0x00000000e5700000| Untracked 
|  88|0x00000000e5800000, 0x00000000e5800000, 0x00000000e5900000|  0%| F|  |TAMS 0x00000000e5800000, 0x00000000e5800000| Untracked 
|  89|0x00000000e5900000, 0x00000000e5900000, 0x00000000e5a00000|  0%| F|  |TAMS 0x00000000e5900000, 0x00000000e5900000| Untracked 
|  90|0x00000000e5a00000, 0x00000000e5a00000, 0x00000000e5b00000|  0%| F|  |TAMS 0x00000000e5a00000, 0x00000000e5a00000| Untracked 
|  91|0x00000000e5b00000, 0x00000000e5b00000, 0x00000000e5c00000|  0%| F|  |TAMS 0x00000000e5b00000, 0x00000000e5b00000| Untracked 
|  92|0x00000000e5c00000, 0x00000000e5c00000, 0x00000000e5d00000|  0%| F|  |TAMS 0x00000000e5c00000, 0x00000000e5c00000| Untracked 
|  93|0x00000000e5d00000, 0x00000000e5d00000, 0x00000000e5e00000|  0%| F|  |TAMS 0x00000000e5d00000, 0x00000000e5d00000| Untracked 
|  94|0x00000000e5e00000, 0x00000000e5e00000, 0x00000000e5f00000|  0%| F|  |TAMS 0x00000000e5e00000, 0x00000000e5e00000| Untracked 
|  95|0x00000000e5f00000, 0x00000000e5f00000, 0x00000000e6000000|  0%| F|  |TAMS 0x00000000e5f00000, 0x00000000e5f00000| Untracked 
|  96|0x00000000e6000000, 0x00000000e6000000, 0x00000000e6100000|  0%| F|  |TAMS 0x00000000e6000000, 0x00000000e6000000| Untracked 
|  97|0x00000000e6100000, 0x00000000e6100000, 0x00000000e6200000|  0%| F|  |TAMS 0x00000000e6100000, 0x00000000e6100000| Untracked 
|  98|0x00000000e6200000, 0x00000000e6200000, 0x00000000e6300000|  0%| F|  |TAMS 0x00000000e6200000, 0x00000000e6200000| Untracked 
|  99|0x00000000e6300000, 0x00000000e6300000, 0x00000000e6400000|  0%| F|  |TAMS 0x00000000e6300000, 0x00000000e6300000| Untracked 
| 100|0x00000000e6400000, 0x00000000e6400000, 0x00000000e6500000|  0%| F|  |TAMS 0x00000000e6400000, 0x00000000e6400000| Untracked 
| 101|0x00000000e6500000, 0x00000000e6500000, 0x00000000e6600000|  0%| F|  |TAMS 0x00000000e6500000, 0x00000000e6500000| Untracked 
| 102|0x00000000e6600000, 0x00000000e6600000, 0x00000000e6700000|  0%| F|  |TAMS 0x00000000e6600000, 0x00000000e6600000| Untracked 
| 103|0x00000000e6700000, 0x00000000e6700000, 0x00000000e6800000|  0%| F|  |TAMS 0x00000000e6700000, 0x00000000e6700000| Untracked 
| 104|0x00000000e6800000, 0x00000000e6800000, 0x00000000e6900000|  0%| F|  |TAMS 0x00000000e6800000, 0x00000000e6800000| Untracked 
| 105|0x00000000e6900000, 0x00000000e6900000, 0x00000000e6a00000|  0%| F|  |TAMS 0x00000000e6900000, 0x00000000e6900000| Untracked 
| 106|0x00000000e6a00000, 0x00000000e6a00000, 0x00000000e6b00000|  0%| F|  |TAMS 0x00000000e6a00000, 0x00000000e6a00000| Untracked 
| 107|0x00000000e6b00000, 0x00000000e6b00000, 0x00000000e6c00000|  0%| F|  |TAMS 0x00000000e6b00000, 0x00000000e6b00000| Untracked 
| 108|0x00000000e6c00000, 0x00000000e6c16cf8, 0x00000000e6d00000|  8%| S|CS|TAMS 0x00000000e6c00000, 0x00000000e6c00000| Complete 
| 109|0x00000000e6d00000, 0x00000000e6e00000, 0x00000000e6e00000|100%| S|CS|TAMS 0x00000000e6d00000, 0x00000000e6d00000| Complete 
| 110|0x00000000e6e00000, 0x00000000e6f00000, 0x00000000e6f00000|100%| S|CS|TAMS 0x00000000e6e00000, 0x00000000e6e00000| Complete 
| 111|0x00000000e6f00000, 0x00000000e7000000, 0x00000000e7000000|100%| S|CS|TAMS 0x00000000e6f00000, 0x00000000e6f00000| Complete 
| 112|0x00000000e7000000, 0x00000000e7100000, 0x00000000e7100000|100%| S|CS|TAMS 0x00000000e7000000, 0x00000000e7000000| Complete 
| 113|0x00000000e7100000, 0x00000000e7200000, 0x00000000e7200000|100%| S|CS|TAMS 0x00000000e7100000, 0x00000000e7100000| Complete 
| 114|0x00000000e7200000, 0x00000000e7200000, 0x00000000e7300000|  0%| F|  |TAMS 0x00000000e7200000, 0x00000000e7200000| Untracked 
| 115|0x00000000e7300000, 0x00000000e7300000, 0x00000000e7400000|  0%| F|  |TAMS 0x00000000e7300000, 0x00000000e7300000| Untracked 
| 116|0x00000000e7400000, 0x00000000e7400000, 0x00000000e7500000|  0%| F|  |TAMS 0x00000000e7400000, 0x00000000e7400000| Untracked 
| 117|0x00000000e7500000, 0x00000000e7500000, 0x00000000e7600000|  0%| F|  |TAMS 0x00000000e7500000, 0x00000000e7500000| Untracked 
| 118|0x00000000e7600000, 0x00000000e7600000, 0x00000000e7700000|  0%| F|  |TAMS 0x00000000e7600000, 0x00000000e7600000| Untracked 
| 119|0x00000000e7700000, 0x00000000e7700000, 0x00000000e7800000|  0%| F|  |TAMS 0x00000000e7700000, 0x00000000e7700000| Untracked 
| 120|0x00000000e7800000, 0x00000000e7800000, 0x00000000e7900000|  0%| F|  |TAMS 0x00000000e7800000, 0x00000000e7800000| Untracked 
| 121|0x00000000e7900000, 0x00000000e7900000, 0x00000000e7a00000|  0%| F|  |TAMS 0x00000000e7900000, 0x00000000e7900000| Untracked 
| 122|0x00000000e7a00000, 0x00000000e7a00000, 0x00000000e7b00000|  0%| F|  |TAMS 0x00000000e7a00000, 0x00000000e7a00000| Untracked 
| 123|0x00000000e7b00000, 0x00000000e7b00000, 0x00000000e7c00000|  0%| F|  |TAMS 0x00000000e7b00000, 0x00000000e7b00000| Untracked 
| 124|0x00000000e7c00000, 0x00000000e7c00000, 0x00000000e7d00000|  0%| F|  |TAMS 0x00000000e7c00000, 0x00000000e7c00000| Untracked 
| 125|0x00000000e7d00000, 0x00000000e7d00000, 0x00000000e7e00000|  0%| F|  |TAMS 0x00000000e7d00000, 0x00000000e7d00000| Untracked 
| 126|0x00000000e7e00000, 0x00000000e7e00000, 0x00000000e7f00000|  0%| F|  |TAMS 0x00000000e7e00000, 0x00000000e7e00000| Untracked 
| 127|0x00000000e7f00000, 0x00000000e7f00000, 0x00000000e8000000|  0%| F|  |TAMS 0x00000000e7f00000, 0x00000000e7f00000| Untracked 
| 128|0x00000000e8000000, 0x00000000e8000000, 0x00000000e8100000|  0%| F|  |TAMS 0x00000000e8000000, 0x00000000e8000000| Untracked 
| 129|0x00000000e8100000, 0x00000000e8100000, 0x00000000e8200000|  0%| F|  |TAMS 0x00000000e8100000, 0x00000000e8100000| Untracked 
| 130|0x00000000e8200000, 0x00000000e8200000, 0x00000000e8300000|  0%| F|  |TAMS 0x00000000e8200000, 0x00000000e8200000| Untracked 
| 131|0x00000000e8300000, 0x00000000e8300000, 0x00000000e8400000|  0%| F|  |TAMS 0x00000000e8300000, 0x00000000e8300000| Untracked 
| 132|0x00000000e8400000, 0x00000000e8400000, 0x00000000e8500000|  0%| F|  |TAMS 0x00000000e8400000, 0x00000000e8400000| Untracked 
| 133|0x00000000e8500000, 0x00000000e8500000, 0x00000000e8600000|  0%| F|  |TAMS 0x00000000e8500000, 0x00000000e8500000| Untracked 
| 134|0x00000000e8600000, 0x00000000e8600000, 0x00000000e8700000|  0%| F|  |TAMS 0x00000000e8600000, 0x00000000e8600000| Untracked 
| 135|0x00000000e8700000, 0x00000000e8700000, 0x00000000e8800000|  0%| F|  |TAMS 0x00000000e8700000, 0x00000000e8700000| Untracked 
| 136|0x00000000e8800000, 0x00000000e8800000, 0x00000000e8900000|  0%| F|  |TAMS 0x00000000e8800000, 0x00000000e8800000| Untracked 
| 137|0x00000000e8900000, 0x00000000e8900000, 0x00000000e8a00000|  0%| F|  |TAMS 0x00000000e8900000, 0x00000000e8900000| Untracked 
| 138|0x00000000e8a00000, 0x00000000e8a00000, 0x00000000e8b00000|  0%| F|  |TAMS 0x00000000e8a00000, 0x00000000e8a00000| Untracked 
| 139|0x00000000e8b00000, 0x00000000e8b00000, 0x00000000e8c00000|  0%| F|  |TAMS 0x00000000e8b00000, 0x00000000e8b00000| Untracked 
| 140|0x00000000e8c00000, 0x00000000e8c00000, 0x00000000e8d00000|  0%| F|  |TAMS 0x00000000e8c00000, 0x00000000e8c00000| Untracked 
| 141|0x00000000e8d00000, 0x00000000e8d00000, 0x00000000e8e00000|  0%| F|  |TAMS 0x00000000e8d00000, 0x00000000e8d00000| Untracked 
| 142|0x00000000e8e00000, 0x00000000e8e00000, 0x00000000e8f00000|  0%| F|  |TAMS 0x00000000e8e00000, 0x00000000e8e00000| Untracked 
| 143|0x00000000e8f00000, 0x00000000e8f00000, 0x00000000e9000000|  0%| F|  |TAMS 0x00000000e8f00000, 0x00000000e8f00000| Untracked 
| 144|0x00000000e9000000, 0x00000000e9000000, 0x00000000e9100000|  0%| F|  |TAMS 0x00000000e9000000, 0x00000000e9000000| Untracked 
| 145|0x00000000e9100000, 0x00000000e9100000, 0x00000000e9200000|  0%| F|  |TAMS 0x00000000e9100000, 0x00000000e9100000| Untracked 
| 146|0x00000000e9200000, 0x00000000e9200000, 0x00000000e9300000|  0%| F|  |TAMS 0x00000000e9200000, 0x00000000e9200000| Untracked 
| 147|0x00000000e9300000, 0x00000000e9300000, 0x00000000e9400000|  0%| F|  |TAMS 0x00000000e9300000, 0x00000000e9300000| Untracked 
| 148|0x00000000e9400000, 0x00000000e9400000, 0x00000000e9500000|  0%| F|  |TAMS 0x00000000e9400000, 0x00000000e9400000| Untracked 
| 149|0x00000000e9500000, 0x00000000e9500000, 0x00000000e9600000|  0%| F|  |TAMS 0x00000000e9500000, 0x00000000e9500000| Untracked 
| 150|0x00000000e9600000, 0x00000000e9600000, 0x00000000e9700000|  0%| F|  |TAMS 0x00000000e9600000, 0x00000000e9600000| Untracked 
| 151|0x00000000e9700000, 0x00000000e9700000, 0x00000000e9800000|  0%| F|  |TAMS 0x00000000e9700000, 0x00000000e9700000| Untracked 
| 152|0x00000000e9800000, 0x00000000e9800000, 0x00000000e9900000|  0%| F|  |TAMS 0x00000000e9800000, 0x00000000e9800000| Untracked 
| 153|0x00000000e9900000, 0x00000000e9900000, 0x00000000e9a00000|  0%| F|  |TAMS 0x00000000e9900000, 0x00000000e9900000| Untracked 
| 154|0x00000000e9a00000, 0x00000000e9a00000, 0x00000000e9b00000|  0%| F|  |TAMS 0x00000000e9a00000, 0x00000000e9a00000| Untracked 
| 155|0x00000000e9b00000, 0x00000000e9b00000, 0x00000000e9c00000|  0%| F|  |TAMS 0x00000000e9b00000, 0x00000000e9b00000| Untracked 
| 156|0x00000000e9c00000, 0x00000000e9c00000, 0x00000000e9d00000|  0%| F|  |TAMS 0x00000000e9c00000, 0x00000000e9c00000| Untracked 
| 157|0x00000000e9d00000, 0x00000000e9d00000, 0x00000000e9e00000|  0%| F|  |TAMS 0x00000000e9d00000, 0x00000000e9d00000| Untracked 
| 158|0x00000000e9e00000, 0x00000000e9e00000, 0x00000000e9f00000|  0%| F|  |TAMS 0x00000000e9e00000, 0x00000000e9e00000| Untracked 
| 159|0x00000000e9f00000, 0x00000000e9f00000, 0x00000000ea000000|  0%| F|  |TAMS 0x00000000e9f00000, 0x00000000e9f00000| Untracked 
| 160|0x00000000ea000000, 0x00000000ea000000, 0x00000000ea100000|  0%| F|  |TAMS 0x00000000ea000000, 0x00000000ea000000| Untracked 
| 161|0x00000000ea100000, 0x00000000ea100000, 0x00000000ea200000|  0%| F|  |TAMS 0x00000000ea100000, 0x00000000ea100000| Untracked 
| 162|0x00000000ea200000, 0x00000000ea200000, 0x00000000ea300000|  0%| F|  |TAMS 0x00000000ea200000, 0x00000000ea200000| Untracked 
| 163|0x00000000ea300000, 0x00000000ea300000, 0x00000000ea400000|  0%| F|  |TAMS 0x00000000ea300000, 0x00000000ea300000| Untracked 
| 164|0x00000000ea400000, 0x00000000ea400000, 0x00000000ea500000|  0%| F|  |TAMS 0x00000000ea400000, 0x00000000ea400000| Untracked 
| 165|0x00000000ea500000, 0x00000000ea500000, 0x00000000ea600000|  0%| F|  |TAMS 0x00000000ea500000, 0x00000000ea500000| Untracked 
| 166|0x00000000ea600000, 0x00000000ea600000, 0x00000000ea700000|  0%| F|  |TAMS 0x00000000ea600000, 0x00000000ea600000| Untracked 
| 167|0x00000000ea700000, 0x00000000ea700000, 0x00000000ea800000|  0%| F|  |TAMS 0x00000000ea700000, 0x00000000ea700000| Untracked 
| 168|0x00000000ea800000, 0x00000000ea800000, 0x00000000ea900000|  0%| F|  |TAMS 0x00000000ea800000, 0x00000000ea800000| Untracked 
| 169|0x00000000ea900000, 0x00000000ea900000, 0x00000000eaa00000|  0%| F|  |TAMS 0x00000000ea900000, 0x00000000ea900000| Untracked 
| 170|0x00000000eaa00000, 0x00000000eaa00000, 0x00000000eab00000|  0%| F|  |TAMS 0x00000000eaa00000, 0x00000000eaa00000| Untracked 
| 171|0x00000000eab00000, 0x00000000eab00000, 0x00000000eac00000|  0%| F|  |TAMS 0x00000000eab00000, 0x00000000eab00000| Untracked 
| 172|0x00000000eac00000, 0x00000000eac00000, 0x00000000ead00000|  0%| F|  |TAMS 0x00000000eac00000, 0x00000000eac00000| Untracked 
| 173|0x00000000ead00000, 0x00000000ead00000, 0x00000000eae00000|  0%| F|  |TAMS 0x00000000ead00000, 0x00000000ead00000| Untracked 
| 174|0x00000000eae00000, 0x00000000eae00000, 0x00000000eaf00000|  0%| F|  |TAMS 0x00000000eae00000, 0x00000000eae00000| Untracked 
| 175|0x00000000eaf00000, 0x00000000eaf00000, 0x00000000eb000000|  0%| F|  |TAMS 0x00000000eaf00000, 0x00000000eaf00000| Untracked 
| 176|0x00000000eb000000, 0x00000000eb000000, 0x00000000eb100000|  0%| F|  |TAMS 0x00000000eb000000, 0x00000000eb000000| Untracked 
| 177|0x00000000eb100000, 0x00000000eb100000, 0x00000000eb200000|  0%| F|  |TAMS 0x00000000eb100000, 0x00000000eb100000| Untracked 
| 178|0x00000000eb200000, 0x00000000eb2aa578, 0x00000000eb300000| 66%| E|  |TAMS 0x00000000eb200000, 0x00000000eb200000| Complete 
| 179|0x00000000eb300000, 0x00000000eb400000, 0x00000000eb400000|100%| E|CS|TAMS 0x00000000eb300000, 0x00000000eb300000| Complete 
| 180|0x00000000eb400000, 0x00000000eb500000, 0x00000000eb500000|100%| E|CS|TAMS 0x00000000eb400000, 0x00000000eb400000| Complete 
| 181|0x00000000eb500000, 0x00000000eb600000, 0x00000000eb600000|100%| E|CS|TAMS 0x00000000eb500000, 0x00000000eb500000| Complete 
| 182|0x00000000eb600000, 0x00000000eb700000, 0x00000000eb700000|100%| E|CS|TAMS 0x00000000eb600000, 0x00000000eb600000| Complete 
| 183|0x00000000eb700000, 0x00000000eb800000, 0x00000000eb800000|100%| E|CS|TAMS 0x00000000eb700000, 0x00000000eb700000| Complete 
| 184|0x00000000eb800000, 0x00000000eb900000, 0x00000000eb900000|100%| E|CS|TAMS 0x00000000eb800000, 0x00000000eb800000| Complete 
| 185|0x00000000eb900000, 0x00000000eba00000, 0x00000000eba00000|100%| E|CS|TAMS 0x00000000eb900000, 0x00000000eb900000| Complete 
| 186|0x00000000eba00000, 0x00000000ebb00000, 0x00000000ebb00000|100%| E|CS|TAMS 0x00000000eba00000, 0x00000000eba00000| Complete 
| 187|0x00000000ebb00000, 0x00000000ebc00000, 0x00000000ebc00000|100%| E|CS|TAMS 0x00000000ebb00000, 0x00000000ebb00000| Complete 
| 188|0x00000000ebc00000, 0x00000000ebd00000, 0x00000000ebd00000|100%| E|CS|TAMS 0x00000000ebc00000, 0x00000000ebc00000| Complete 
| 189|0x00000000ebd00000, 0x00000000ebe00000, 0x00000000ebe00000|100%| E|CS|TAMS 0x00000000ebd00000, 0x00000000ebd00000| Complete 
| 190|0x00000000ebe00000, 0x00000000ebf00000, 0x00000000ebf00000|100%| E|CS|TAMS 0x00000000ebe00000, 0x00000000ebe00000| Complete 
| 191|0x00000000ebf00000, 0x00000000ec000000, 0x00000000ec000000|100%| E|CS|TAMS 0x00000000ebf00000, 0x00000000ebf00000| Complete 
| 192|0x00000000ec000000, 0x00000000ec100000, 0x00000000ec100000|100%| E|CS|TAMS 0x00000000ec000000, 0x00000000ec000000| Complete 
| 193|0x00000000ec100000, 0x00000000ec200000, 0x00000000ec200000|100%| E|CS|TAMS 0x00000000ec100000, 0x00000000ec100000| Complete 
| 194|0x00000000ec200000, 0x00000000ec300000, 0x00000000ec300000|100%| E|CS|TAMS 0x00000000ec200000, 0x00000000ec200000| Complete 
| 195|0x00000000ec300000, 0x00000000ec400000, 0x00000000ec400000|100%| E|CS|TAMS 0x00000000ec300000, 0x00000000ec300000| Complete 
| 196|0x00000000ec400000, 0x00000000ec500000, 0x00000000ec500000|100%| E|CS|TAMS 0x00000000ec400000, 0x00000000ec400000| Complete 
| 197|0x00000000ec500000, 0x00000000ec600000, 0x00000000ec600000|100%| E|CS|TAMS 0x00000000ec500000, 0x00000000ec500000| Complete 
| 198|0x00000000ec600000, 0x00000000ec700000, 0x00000000ec700000|100%| E|CS|TAMS 0x00000000ec600000, 0x00000000ec600000| Complete 
| 199|0x00000000ec700000, 0x00000000ec800000, 0x00000000ec800000|100%| E|CS|TAMS 0x00000000ec700000, 0x00000000ec700000| Complete 
| 200|0x00000000ec800000, 0x00000000ec900000, 0x00000000ec900000|100%| E|CS|TAMS 0x00000000ec800000, 0x00000000ec800000| Complete 
| 201|0x00000000ec900000, 0x00000000eca00000, 0x00000000eca00000|100%| E|CS|TAMS 0x00000000ec900000, 0x00000000ec900000| Complete 
| 202|0x00000000eca00000, 0x00000000ecb00000, 0x00000000ecb00000|100%| E|CS|TAMS 0x00000000eca00000, 0x00000000eca00000| Complete 
| 203|0x00000000ecb00000, 0x00000000ecc00000, 0x00000000ecc00000|100%| E|CS|TAMS 0x00000000ecb00000, 0x00000000ecb00000| Complete 
| 204|0x00000000ecc00000, 0x00000000ecd00000, 0x00000000ecd00000|100%| E|CS|TAMS 0x00000000ecc00000, 0x00000000ecc00000| Complete 
| 205|0x00000000ecd00000, 0x00000000ece00000, 0x00000000ece00000|100%| E|CS|TAMS 0x00000000ecd00000, 0x00000000ecd00000| Complete 
| 206|0x00000000ece00000, 0x00000000ecf00000, 0x00000000ecf00000|100%| E|CS|TAMS 0x00000000ece00000, 0x00000000ece00000| Complete 
| 207|0x00000000ecf00000, 0x00000000ed000000, 0x00000000ed000000|100%| E|CS|TAMS 0x00000000ecf00000, 0x00000000ecf00000| Complete 
| 208|0x00000000ed000000, 0x00000000ed100000, 0x00000000ed100000|100%| E|CS|TAMS 0x00000000ed000000, 0x00000000ed000000| Complete 
| 209|0x00000000ed100000, 0x00000000ed200000, 0x00000000ed200000|100%| E|CS|TAMS 0x00000000ed100000, 0x00000000ed100000| Complete 
| 210|0x00000000ed200000, 0x00000000ed300000, 0x00000000ed300000|100%| E|CS|TAMS 0x00000000ed200000, 0x00000000ed200000| Complete 
| 211|0x00000000ed300000, 0x00000000ed400000, 0x00000000ed400000|100%| E|CS|TAMS 0x00000000ed300000, 0x00000000ed300000| Complete 
| 212|0x00000000ed400000, 0x00000000ed500000, 0x00000000ed500000|100%| E|CS|TAMS 0x00000000ed400000, 0x00000000ed400000| Complete 
| 213|0x00000000ed500000, 0x00000000ed600000, 0x00000000ed600000|100%| E|CS|TAMS 0x00000000ed500000, 0x00000000ed500000| Complete 
| 214|0x00000000ed600000, 0x00000000ed700000, 0x00000000ed700000|100%| E|CS|TAMS 0x00000000ed600000, 0x00000000ed600000| Complete 
| 215|0x00000000ed700000, 0x00000000ed800000, 0x00000000ed800000|100%| E|CS|TAMS 0x00000000ed700000, 0x00000000ed700000| Complete 
| 216|0x00000000ed800000, 0x00000000ed900000, 0x00000000ed900000|100%| E|CS|TAMS 0x00000000ed800000, 0x00000000ed800000| Complete 
| 217|0x00000000ed900000, 0x00000000eda00000, 0x00000000eda00000|100%| E|CS|TAMS 0x00000000ed900000, 0x00000000ed900000| Complete 
| 218|0x00000000eda00000, 0x00000000edb00000, 0x00000000edb00000|100%| E|CS|TAMS 0x00000000eda00000, 0x00000000eda00000| Complete 
| 219|0x00000000edb00000, 0x00000000edc00000, 0x00000000edc00000|100%| E|CS|TAMS 0x00000000edb00000, 0x00000000edb00000| Complete 
| 220|0x00000000edc00000, 0x00000000edd00000, 0x00000000edd00000|100%| E|CS|TAMS 0x00000000edc00000, 0x00000000edc00000| Complete 
| 221|0x00000000edd00000, 0x00000000ede00000, 0x00000000ede00000|100%| E|CS|TAMS 0x00000000edd00000, 0x00000000edd00000| Complete 
| 222|0x00000000ede00000, 0x00000000edf00000, 0x00000000edf00000|100%| E|CS|TAMS 0x00000000ede00000, 0x00000000ede00000| Complete 
| 223|0x00000000edf00000, 0x00000000ee000000, 0x00000000ee000000|100%| E|CS|TAMS 0x00000000edf00000, 0x00000000edf00000| Complete 
| 224|0x00000000ee000000, 0x00000000ee100000, 0x00000000ee100000|100%| E|CS|TAMS 0x00000000ee000000, 0x00000000ee000000| Complete 
| 225|0x00000000ee100000, 0x00000000ee200000, 0x00000000ee200000|100%| E|CS|TAMS 0x00000000ee100000, 0x00000000ee100000| Complete 
| 226|0x00000000ee200000, 0x00000000ee300000, 0x00000000ee300000|100%| E|CS|TAMS 0x00000000ee200000, 0x00000000ee200000| Complete 
| 227|0x00000000ee300000, 0x00000000ee400000, 0x00000000ee400000|100%| E|CS|TAMS 0x00000000ee300000, 0x00000000ee300000| Complete 
| 228|0x00000000ee400000, 0x00000000ee500000, 0x00000000ee500000|100%| E|CS|TAMS 0x00000000ee400000, 0x00000000ee400000| Complete 
| 229|0x00000000ee500000, 0x00000000ee600000, 0x00000000ee600000|100%| E|CS|TAMS 0x00000000ee500000, 0x00000000ee500000| Complete 
| 230|0x00000000ee600000, 0x00000000ee700000, 0x00000000ee700000|100%| E|CS|TAMS 0x00000000ee600000, 0x00000000ee600000| Complete 
| 231|0x00000000ee700000, 0x00000000ee800000, 0x00000000ee800000|100%| E|CS|TAMS 0x00000000ee700000, 0x00000000ee700000| Complete 
| 232|0x00000000ee800000, 0x00000000ee900000, 0x00000000ee900000|100%| E|CS|TAMS 0x00000000ee800000, 0x00000000ee800000| Complete 
| 233|0x00000000ee900000, 0x00000000eea00000, 0x00000000eea00000|100%| E|CS|TAMS 0x00000000ee900000, 0x00000000ee900000| Complete 
| 234|0x00000000eea00000, 0x00000000eeb00000, 0x00000000eeb00000|100%| E|CS|TAMS 0x00000000eea00000, 0x00000000eea00000| Complete 
| 235|0x00000000eeb00000, 0x00000000eec00000, 0x00000000eec00000|100%| E|CS|TAMS 0x00000000eeb00000, 0x00000000eeb00000| Complete 
| 236|0x00000000eec00000, 0x00000000eed00000, 0x00000000eed00000|100%| E|CS|TAMS 0x00000000eec00000, 0x00000000eec00000| Complete 
| 237|0x00000000eed00000, 0x00000000eee00000, 0x00000000eee00000|100%| E|CS|TAMS 0x00000000eed00000, 0x00000000eed00000| Complete 
| 238|0x00000000eee00000, 0x00000000eef00000, 0x00000000eef00000|100%| E|CS|TAMS 0x00000000eee00000, 0x00000000eee00000| Complete 
| 239|0x00000000eef00000, 0x00000000ef000000, 0x00000000ef000000|100%| E|CS|TAMS 0x00000000eef00000, 0x00000000eef00000| Complete 
| 240|0x00000000ef000000, 0x00000000ef100000, 0x00000000ef100000|100%| E|CS|TAMS 0x00000000ef000000, 0x00000000ef000000| Complete 
| 241|0x00000000ef100000, 0x00000000ef200000, 0x00000000ef200000|100%| E|CS|TAMS 0x00000000ef100000, 0x00000000ef100000| Complete 
| 242|0x00000000ef200000, 0x00000000ef300000, 0x00000000ef300000|100%| E|CS|TAMS 0x00000000ef200000, 0x00000000ef200000| Complete 
| 243|0x00000000ef300000, 0x00000000ef400000, 0x00000000ef400000|100%| E|CS|TAMS 0x00000000ef300000, 0x00000000ef300000| Complete 
| 244|0x00000000ef400000, 0x00000000ef500000, 0x00000000ef500000|100%| E|CS|TAMS 0x00000000ef400000, 0x00000000ef400000| Complete 
| 245|0x00000000ef500000, 0x00000000ef600000, 0x00000000ef600000|100%| E|CS|TAMS 0x00000000ef500000, 0x00000000ef500000| Complete 
| 246|0x00000000ef600000, 0x00000000ef700000, 0x00000000ef700000|100%| E|CS|TAMS 0x00000000ef600000, 0x00000000ef600000| Complete 
| 247|0x00000000ef700000, 0x00000000ef800000, 0x00000000ef800000|100%| E|CS|TAMS 0x00000000ef700000, 0x00000000ef700000| Complete 
| 248|0x00000000ef800000, 0x00000000ef900000, 0x00000000ef900000|100%| E|CS|TAMS 0x00000000ef800000, 0x00000000ef800000| Complete 
| 249|0x00000000ef900000, 0x00000000efa00000, 0x00000000efa00000|100%| E|CS|TAMS 0x00000000ef900000, 0x00000000ef900000| Complete 
| 250|0x00000000efa00000, 0x00000000efb00000, 0x00000000efb00000|100%| E|CS|TAMS 0x00000000efa00000, 0x00000000efa00000| Complete 
| 251|0x00000000efb00000, 0x00000000efc00000, 0x00000000efc00000|100%| E|CS|TAMS 0x00000000efb00000, 0x00000000efb00000| Complete 
| 252|0x00000000efc00000, 0x00000000efd00000, 0x00000000efd00000|100%| E|CS|TAMS 0x00000000efc00000, 0x00000000efc00000| Complete 
| 253|0x00000000efd00000, 0x00000000efe00000, 0x00000000efe00000|100%| E|CS|TAMS 0x00000000efd00000, 0x00000000efd00000| Complete 
| 254|0x00000000efe00000, 0x00000000eff00000, 0x00000000eff00000|100%| E|CS|TAMS 0x00000000efe00000, 0x00000000efe00000| Complete 
| 255|0x00000000eff00000, 0x00000000f0000000, 0x00000000f0000000|100%| E|CS|TAMS 0x00000000eff00000, 0x00000000eff00000| Complete 

Card table byte_map: [0x0000026fe7040000,0x0000026fe7140000] _byte_map_base: 0x0000026fe6940000

Marking Bits (Prev, Next): (CMBitMap*) 0x0000026fd0370120, (CMBitMap*) 0x0000026fd03700e0
 Prev Bits: [0x0000026fe7a40000, 0x0000026fe8240000)
 Next Bits: [0x0000026fe7240000, 0x0000026fe7a40000)

Polling page: 0x0000026fce290000

Metaspace:

Usage:
  Non-class:     65.49 MB used.
      Class:     10.32 MB used.
       Both:     75.81 MB used.

Virtual space:
  Non-class space:      128.00 MB reserved,      66.06 MB ( 52%) committed,  2 nodes.
      Class space:      320.00 MB reserved,      10.81 MB (  3%) committed,  1 nodes.
             Both:      448.00 MB reserved,      76.88 MB ( 17%) committed. 

Chunk freelists:
   Non-Class:  13.18 MB
       Class:  5.03 MB
        Both:  18.21 MB

MaxMetaspaceSize: 384.00 MB
CompressedClassSpaceSize: 320.00 MB
Initial GC threshold: 21.00 MB
Current GC threshold: 98.25 MB
CDS: on
MetaspaceReclaimPolicy: balanced
 - commit_granule_bytes: 65536.
 - commit_granule_words: 8192.
 - virtual_space_node_default_size: 8388608.
 - enlarge_chunks_in_place: 1.
 - new_chunks_are_fully_committed: 0.
 - uncommit_free_chunks: 1.
 - use_allocation_guard: 0.
 - handle_deallocations: 1.


Internal statistics:

num_allocs_failed_limit: 9.
num_arena_births: 1522.
num_arena_deaths: 0.
num_vsnodes_births: 3.
num_vsnodes_deaths: 0.
num_space_committed: 1230.
num_space_uncommitted: 0.
num_chunks_returned_to_freelist: 9.
num_chunks_taken_from_freelist: 4913.
num_chunk_merges: 6.
num_chunk_splits: 3054.
num_chunks_enlarged: 1806.
num_inconsistent_stats: 0.

CodeHeap 'non-profiled nmethods': size=120000Kb used=9836Kb max_used=9836Kb free=110163Kb
 bounds [0x0000026fdf6e0000, 0x0000026fe0080000, 0x0000026fe6c10000]
CodeHeap 'profiled nmethods': size=120000Kb used=26936Kb max_used=26936Kb free=93063Kb
 bounds [0x0000026fd7c10000, 0x0000026fd9670000, 0x0000026fdf140000]
CodeHeap 'non-nmethods': size=5760Kb used=1727Kb max_used=1801Kb free=4032Kb
 bounds [0x0000026fdf140000, 0x0000026fdf3b0000, 0x0000026fdf6e0000]
 total_blobs=14477 nmethods=13660 adapters=727
 compilation: enabled
              stopped_count=0, restarted_count=0
 full_count=0

Compilation events (20 events):
Event: 913.011 Thread 0x0000026feac837f0 16082  s!   3       java.lang.StackTraceElement::computeFormat (71 bytes)
Event: 913.012 Thread 0x0000026feac837f0 nmethod 16082 0x0000026fd9656690 code [0x0000026fd96568a0, 0x0000026fd9657158]
Event: 913.012 Thread 0x0000026feac837f0 16085       3       org.gradle.internal.problems.failure.InternalStackTraceClassifier::isInternal (67 bytes)
Event: 913.013 Thread 0x0000026feac837f0 nmethod 16085 0x0000026fd9657410 code [0x0000026fd9657680, 0x0000026fd9657f98]
Event: 913.013 Thread 0x0000026feac837f0 16083       3       org.gradle.internal.problems.failure.CompositeStackTraceClassifier::classify (51 bytes)
Event: 913.013 Thread 0x0000026feac837f0 nmethod 16083 0x0000026fd9658290 code [0x0000026fd9658480, 0x0000026fd9658ad8]
Event: 913.013 Thread 0x0000026feac837f0 16084       3       org.gradle.internal.problems.failure.InternalStackTraceClassifier::classify (18 bytes)
Event: 913.013 Thread 0x0000026feac837f0 nmethod 16084 0x0000026fd9658c90 code [0x0000026fd9658e40, 0x0000026fd9659028]
Event: 913.013 Thread 0x0000026feac837f0 16086       3       org.gradle.internal.problems.failure.InternalStackTraceClassifier::isGradleCall (24 bytes)
Event: 913.013 Thread 0x0000026feac837f0 nmethod 16086 0x0000026fd9659110 code [0x0000026fd96592e0, 0x0000026fd96595b8]
Event: 913.020 Thread 0x0000026feac837f0 16088       1       org.gradle.internal.concurrent.DefaultExecutorFactory::access$000 (5 bytes)
Event: 913.020 Thread 0x0000026feac837f0 nmethod 16088 0x0000026fdfd8bf90 code [0x0000026fdfd8c120, 0x0000026fdfd8c1d8]
Event: 913.020 Thread 0x0000026feac837f0 16089       3       org.gradle.cache.internal.DefaultFileLockManager$DefaultFileLock::close (46 bytes)
Event: 913.022 Thread 0x0000026feac837f0 nmethod 16089 0x0000026fd8a27910 code [0x0000026fd8a27c80, 0x0000026fd8a29558]
Event: 913.023 Thread 0x0000026feac837f0 16090   !   3       jdk.internal.reflect.GeneratedMethodAccessor15::invoke (64 bytes)
Event: 913.023 Thread 0x0000026feac837f0 nmethod 16090 0x0000026fd8903a10 code [0x0000026fd8903c40, 0x0000026fd8904378]
Event: 913.023 Thread 0x0000026feac837f0 16091       3       java.util.concurrent.ConcurrentHashMap$ValuesView::spliterator (52 bytes)
Event: 913.023 Thread 0x0000026feac837f0 nmethod 16091 0x0000026fd8a5ea10 code [0x0000026fd8a5ebc0, 0x0000026fd8a5ee98]
Event: 913.023 Thread 0x0000026feac837f0 16092       3       java.util.concurrent.ConcurrentHashMap$ValueSpliterator::<init> (16 bytes)
Event: 913.024 Thread 0x0000026feac837f0 nmethod 16092 0x0000026fd8a27510 code [0x0000026fd8a276a0, 0x0000026fd8a27808]

GC Heap History (20 events):
Event: 8.233 GC heap before
{Heap before GC invocations=7 (full 0):
 garbage-first heap   total 262144K, used 175428K [0x00000000e0000000, 0x0000000100000000)
  region size 1024K, 153 young (156672K), 13 survivors (13312K)
 Metaspace       used 52652K, committed 53312K, reserved 393216K
  class space    used 7518K, committed 7808K, reserved 327680K
}
Event: 8.255 GC heap after
{Heap after GC invocations=8 (full 0):
 garbage-first heap   total 262144K, used 41148K [0x00000000e0000000, 0x0000000100000000)
  region size 1024K, 17 young (17408K), 17 survivors (17408K)
 Metaspace       used 52652K, committed 53312K, reserved 393216K
  class space    used 7518K, committed 7808K, reserved 327680K
}
Event: 10.334 GC heap before
{Heap before GC invocations=8 (full 0):
 garbage-first heap   total 262144K, used 171196K [0x00000000e0000000, 0x0000000100000000)
  region size 1024K, 145 young (148480K), 17 survivors (17408K)
 Metaspace       used 59541K, committed 60288K, reserved 393216K
  class space    used 8452K, committed 8832K, reserved 327680K
}
Event: 10.356 GC heap after
{Heap after GC invocations=9 (full 0):
 garbage-first heap   total 262144K, used 52042K [0x00000000e0000000, 0x0000000100000000)
  region size 1024K, 20 young (20480K), 20 survivors (20480K)
 Metaspace       used 59541K, committed 60288K, reserved 393216K
  class space    used 8452K, committed 8832K, reserved 327680K
}
Event: 11.629 GC heap before
{Heap before GC invocations=10 (full 0):
 garbage-first heap   total 262144K, used 188234K [0x00000000e0000000, 0x0000000100000000)
  region size 1024K, 153 young (156672K), 20 survivors (20480K)
 Metaspace       used 62318K, committed 63104K, reserved 393216K
  class space    used 8887K, committed 9216K, reserved 327680K
}
Event: 11.658 GC heap after
{Heap after GC invocations=11 (full 0):
 garbage-first heap   total 262144K, used 65938K [0x00000000e0000000, 0x0000000100000000)
  region size 1024K, 15 young (15360K), 15 survivors (15360K)
 Metaspace       used 62318K, committed 63104K, reserved 393216K
  class space    used 8887K, committed 9216K, reserved 327680K
}
Event: 44.448 GC heap before
{Heap before GC invocations=11 (full 0):
 garbage-first heap   total 262144K, used 200082K [0x00000000e0000000, 0x0000000100000000)
  region size 1024K, 146 young (149504K), 15 survivors (15360K)
 Metaspace       used 74447K, committed 75328K, reserved 393216K
  class space    used 10416K, committed 10816K, reserved 327680K
}
Event: 44.469 GC heap after
{Heap after GC invocations=12 (full 0):
 garbage-first heap   total 262144K, used 73510K [0x00000000e0000000, 0x0000000100000000)
  region size 1024K, 10 young (10240K), 10 survivors (10240K)
 Metaspace       used 74447K, committed 75328K, reserved 393216K
  class space    used 10416K, committed 10816K, reserved 327680K
}
Event: 187.146 GC heap before
{Heap before GC invocations=12 (full 0):
 garbage-first heap   total 262144K, used 201510K [0x00000000e0000000, 0x0000000100000000)
  region size 1024K, 136 young (139264K), 10 survivors (10240K)
 Metaspace       used 75492K, committed 76352K, reserved 458752K
  class space    used 10429K, committed 10816K, reserved 327680K
}
Event: 187.154 GC heap after
{Heap after GC invocations=13 (full 0):
 garbage-first heap   total 262144K, used 70910K [0x00000000e0000000, 0x0000000100000000)
  region size 1024K, 8 young (8192K), 8 survivors (8192K)
 Metaspace       used 75492K, committed 76352K, reserved 458752K
  class space    used 10429K, committed 10816K, reserved 327680K
}
Event: 324.072 GC heap before
{Heap before GC invocations=13 (full 0):
 garbage-first heap   total 262144K, used 205054K [0x00000000e0000000, 0x0000000100000000)
  region size 1024K, 140 young (143360K), 8 survivors (8192K)
 Metaspace       used 76009K, committed 76928K, reserved 458752K
  class space    used 10437K, committed 10880K, reserved 327680K
}
Event: 324.079 GC heap after
{Heap after GC invocations=14 (full 0):
 garbage-first heap   total 262144K, used 71596K [0x00000000e0000000, 0x0000000100000000)
  region size 1024K, 9 young (9216K), 9 survivors (9216K)
 Metaspace       used 76009K, committed 76928K, reserved 458752K
  class space    used 10437K, committed 10880K, reserved 327680K
}
Event: 442.668 GC heap before
{Heap before GC invocations=14 (full 0):
 garbage-first heap   total 262144K, used 207788K [0x00000000e0000000, 0x0000000100000000)
  region size 1024K, 143 young (146432K), 9 survivors (9216K)
 Metaspace       used 76476K, committed 77440K, reserved 458752K
  class space    used 10460K, committed 10880K, reserved 327680K
}
Event: 442.675 GC heap after
{Heap after GC invocations=15 (full 0):
 garbage-first heap   total 262144K, used 73664K [0x00000000e0000000, 0x0000000100000000)
  region size 1024K, 11 young (11264K), 11 survivors (11264K)
 Metaspace       used 76476K, committed 77440K, reserved 458752K
  class space    used 10460K, committed 10880K, reserved 327680K
}
Event: 445.714 GC heap before
{Heap before GC invocations=15 (full 0):
 garbage-first heap   total 262144K, used 208832K [0x00000000e0000000, 0x0000000100000000)
  region size 1024K, 143 young (146432K), 11 survivors (11264K)
 Metaspace       used 76931K, committed 77952K, reserved 458752K
  class space    used 10504K, committed 11008K, reserved 327680K
}
Event: 445.723 GC heap after
{Heap after GC invocations=16 (full 0):
 garbage-first heap   total 262144K, used 76170K [0x00000000e0000000, 0x0000000100000000)
  region size 1024K, 10 young (10240K), 10 survivors (10240K)
 Metaspace       used 76931K, committed 77952K, reserved 458752K
  class space    used 10504K, committed 11008K, reserved 327680K
}
Event: 652.689 GC heap before
{Heap before GC invocations=16 (full 0):
 garbage-first heap   total 262144K, used 207242K [0x00000000e0000000, 0x0000000100000000)
  region size 1024K, 139 young (142336K), 10 survivors (10240K)
 Metaspace       used 77178K, committed 78208K, reserved 458752K
  class space    used 10516K, committed 11008K, reserved 327680K
}
Event: 652.692 GC heap after
{Heap after GC invocations=17 (full 0):
 garbage-first heap   total 262144K, used 69501K [0x00000000e0000000, 0x0000000100000000)
  region size 1024K, 3 young (3072K), 3 survivors (3072K)
 Metaspace       used 77178K, committed 78208K, reserved 458752K
  class space    used 10516K, committed 11008K, reserved 327680K
}
Event: 656.281 GC heap before
{Heap before GC invocations=17 (full 0):
 garbage-first heap   total 262144K, used 210813K [0x00000000e0000000, 0x0000000100000000)
  region size 1024K, 142 young (145408K), 3 survivors (3072K)
 Metaspace       used 77327K, committed 78336K, reserved 458752K
  class space    used 10526K, committed 11008K, reserved 327680K
}
Event: 656.287 GC heap after
{Heap after GC invocations=18 (full 0):
 garbage-first heap   total 262144K, used 71952K [0x00000000e0000000, 0x0000000100000000)
  region size 1024K, 6 young (6144K), 6 survivors (6144K)
 Metaspace       used 77327K, committed 78336K, reserved 458752K
  class space    used 10526K, committed 11008K, reserved 327680K
}

Deoptimization events (20 events):
Event: 913.001 Thread 0x0000026f9f19d9d0 Uncommon trap: trap_request=0xffffff45 fr.pc=0x0000026fdffbdebc relative=0x000000000000627c
Event: 913.001 Thread 0x0000026f9f19d9d0 Uncommon trap: reason=unstable_if action=reinterpret pc=0x0000026fdffbdebc method=org.gradle.internal.operations.DefaultBuildOperationRunner$2.execute(Lorg/gradle/internal/operations/BuildOperationDescriptor;Lorg/gradle/internal/operations/BuildOperationS
Event: 913.001 Thread 0x0000026f9f19d9d0 DEOPT PACKING pc=0x0000026fdffbdebc sp=0x00000071809fb060
Event: 913.001 Thread 0x0000026f9f19d9d0 DEOPT UNPACKING pc=0x0000026fdf1923a3 sp=0x00000071809faf48 mode 2
Event: 913.004 Thread 0x0000026f9f19d9d0 Uncommon trap: trap_request=0xffffff45 fr.pc=0x0000026fdffbdebc relative=0x000000000000627c
Event: 913.004 Thread 0x0000026f9f19d9d0 Uncommon trap: reason=unstable_if action=reinterpret pc=0x0000026fdffbdebc method=org.gradle.internal.operations.DefaultBuildOperationRunner$2.execute(Lorg/gradle/internal/operations/BuildOperationDescriptor;Lorg/gradle/internal/operations/BuildOperationS
Event: 913.004 Thread 0x0000026f9f19d9d0 DEOPT PACKING pc=0x0000026fdffbdebc sp=0x00000071809fbab0
Event: 913.004 Thread 0x0000026f9f19d9d0 DEOPT UNPACKING pc=0x0000026fdf1923a3 sp=0x00000071809fb998 mode 2
Event: 913.017 Thread 0x0000026f9f19d9d0 Uncommon trap: trap_request=0xffffff45 fr.pc=0x0000026fdfe49f44 relative=0x0000000000002784
Event: 913.017 Thread 0x0000026f9f19d9d0 Uncommon trap: reason=unstable_if action=reinterpret pc=0x0000026fdfe49f44 method=org.gradle.internal.logging.sink.LogEventDispatcher.onOutput(Lorg/gradle/internal/logging/events/OutputEvent;)V @ 35 c2
Event: 913.017 Thread 0x0000026f9f19d9d0 DEOPT PACKING pc=0x0000026fdfe49f44 sp=0x00000071809fca10
Event: 913.017 Thread 0x0000026f9f19d9d0 DEOPT UNPACKING pc=0x0000026fdf1923a3 sp=0x00000071809fc9b0 mode 2
Event: 913.017 Thread 0x0000026f9f19d9d0 Uncommon trap: trap_request=0xffffff45 fr.pc=0x0000026fdffe18d8 relative=0x0000000000001158
Event: 913.017 Thread 0x0000026f9f19d9d0 Uncommon trap: reason=unstable_if action=reinterpret pc=0x0000026fdffe18d8 method=org.gradle.internal.logging.sink.OutputEventRenderer$3.onOutput(Lorg/gradle/internal/logging/events/OutputEvent;)V @ 37 c2
Event: 913.017 Thread 0x0000026f9f19d9d0 DEOPT PACKING pc=0x0000026fdffe18d8 sp=0x00000071809fca30
Event: 913.017 Thread 0x0000026f9f19d9d0 DEOPT UNPACKING pc=0x0000026fdf1923a3 sp=0x00000071809fc8c8 mode 2
Event: 913.018 Thread 0x0000026f9f19d9d0 Uncommon trap: trap_request=0xffffff45 fr.pc=0x0000026fdffe3a1c relative=0x000000000000101c
Event: 913.018 Thread 0x0000026f9f19d9d0 Uncommon trap: reason=unstable_if action=reinterpret pc=0x0000026fdffe3a1c method=org.gradle.internal.logging.sink.OutputEventRenderer$3.onOutput(Lorg/gradle/internal/logging/events/OutputEvent;)V @ 37 c2
Event: 913.018 Thread 0x0000026f9f19d9d0 DEOPT PACKING pc=0x0000026fdffe3a1c sp=0x00000071809fc9a0
Event: 913.018 Thread 0x0000026f9f19d9d0 DEOPT UNPACKING pc=0x0000026fdf1923a3 sp=0x00000071809fc8b8 mode 2

Classes unloaded (0 events):
No events

Classes redefined (0 events):
No events

Internal exceptions (20 events):
Event: 652.683 Thread 0x0000026f9ca40ff0 Exception <a 'java/lang/NoClassDefFoundError'{0x00000000e7f88900}: org/cyclonedx/gradle/CyclonedxPlugin> (0x00000000e7f88900) 
thrown [s\open\src\hotspot\share\oops\constantPool.cpp, line 837]
Event: 653.170 Thread 0x0000026f9ca40ff0 Exception <a 'sun/nio/fs/WindowsException'{0x00000000e9f565e0}> (0x00000000e9f565e0) 
thrown [s\open\src\hotspot\share\prims\jni.cpp, line 516]
Event: 653.170 Thread 0x0000026f9ca40ff0 Exception <a 'sun/nio/fs/WindowsException'{0x00000000e9f56968}> (0x00000000e9f56968) 
thrown [s\open\src\hotspot\share\prims\jni.cpp, line 516]
Event: 655.996 Thread 0x0000026f9ca40ff0 Exception <a 'sun/nio/fs/WindowsException'{0x00000000e9cc0bc0}> (0x00000000e9cc0bc0) 
thrown [s\open\src\hotspot\share\prims\jni.cpp, line 516]
Event: 655.996 Thread 0x0000026f9ca40ff0 Exception <a 'sun/nio/fs/WindowsException'{0x00000000e9cc2158}> (0x00000000e9cc2158) 
thrown [s\open\src\hotspot\share\prims\jni.cpp, line 516]
Event: 655.996 Thread 0x0000026f9ca40ff0 Exception <a 'sun/nio/fs/WindowsException'{0x00000000e9cc36f0}> (0x00000000e9cc36f0) 
thrown [s\open\src\hotspot\share\prims\jni.cpp, line 516]
Event: 655.997 Thread 0x0000026f9ca40ff0 Exception <a 'sun/nio/fs/WindowsException'{0x00000000e9cc4c70}> (0x00000000e9cc4c70) 
thrown [s\open\src\hotspot\share\prims\jni.cpp, line 516]
Event: 656.053 Thread 0x0000026f9ca40ff0 Exception <a 'java/lang/NoClassDefFoundError'{0x00000000e9676978}: org/jetbrains/kotlin/gradle/plugin/KotlinPluginWrapper> (0x00000000e9676978) 
thrown [s\open\src\hotspot\share\oops\constantPool.cpp, line 837]
Event: 656.053 Thread 0x0000026f9ca40ff0 Exception <a 'java/lang/NoClassDefFoundError'{0x00000000e9678fc0}: org/graalvm/buildtools/gradle/NativeImagePlugin> (0x00000000e9678fc0) 
thrown [s\open\src\hotspot\share\oops\constantPool.cpp, line 837]
Event: 656.054 Thread 0x0000026f9ca40ff0 Exception <a 'java/lang/NoClassDefFoundError'{0x00000000e967b5f8}: org/cyclonedx/gradle/CyclonedxPlugin> (0x00000000e967b5f8) 
thrown [s\open\src\hotspot\share\oops\constantPool.cpp, line 837]
Event: 656.601 Thread 0x0000026f9ca40ff0 Exception <a 'sun/nio/fs/WindowsException'{0x00000000ec61f7b8}> (0x00000000ec61f7b8) 
thrown [s\open\src\hotspot\share\prims\jni.cpp, line 516]
Event: 656.602 Thread 0x0000026f9ca40ff0 Exception <a 'sun/nio/fs/WindowsException'{0x00000000ec61fb40}> (0x00000000ec61fb40) 
thrown [s\open\src\hotspot\share\prims\jni.cpp, line 516]
Event: 912.963 Thread 0x0000026f9f19d9d0 Exception <a 'sun/nio/fs/WindowsException'{0x00000000eb8556c8}> (0x00000000eb8556c8) 
thrown [s\open\src\hotspot\share\prims\jni.cpp, line 516]
Event: 912.963 Thread 0x0000026f9f19d9d0 Exception <a 'sun/nio/fs/WindowsException'{0x00000000eb856c60}> (0x00000000eb856c60) 
thrown [s\open\src\hotspot\share\prims\jni.cpp, line 516]
Event: 912.963 Thread 0x0000026f9f19d9d0 Exception <a 'sun/nio/fs/WindowsException'{0x00000000eb8581f8}> (0x00000000eb8581f8) 
thrown [s\open\src\hotspot\share\prims\jni.cpp, line 516]
Event: 912.964 Thread 0x0000026f9f19d9d0 Exception <a 'sun/nio/fs/WindowsException'{0x00000000eb859778}> (0x00000000eb859778) 
thrown [s\open\src\hotspot\share\prims\jni.cpp, line 516]
Event: 913.001 Thread 0x0000026f9f19d9d0 Exception <a 'java/lang/OutOfMemoryError'{0x00000000eb46dcf8}: unable to create native thread: possibly out of memory or process/resource limits reached> (0x00000000eb46dcf8) 
thrown [s\open\src\hotspot\share\prims\jvm.cpp, line 2923]
Event: 913.012 Thread 0x0000026f9f19d9d0 Exception <a 'sun/nio/fs/WindowsException'{0x00000000eb4c6ea8}> (0x00000000eb4c6ea8) 
thrown [s\open\src\hotspot\share\prims\jni.cpp, line 516]
Event: 913.012 Thread 0x0000026f9f19d9d0 Exception <a 'sun/nio/fs/WindowsException'{0x00000000eb4c7230}> (0x00000000eb4c7230) 
thrown [s\open\src\hotspot\share\prims\jni.cpp, line 516]
Event: 913.016 Thread 0x0000026f9f19d9d0 Exception <a 'java/lang/NoSuchMethodError'{0x00000000eb4f85c0}: 'void java.lang.invoke.DirectMethodHandle$Holder.invokeStatic(java.lang.Object, int, java.lang.Object)'> (0x00000000eb4f85c0) 
thrown [s\open\src\hotspot\share\interpreter\linkResolver.cpp, line 759]

VM Operations (20 events):
Event: 656.281 Executing VM operation: G1CollectForAllocation
Event: 656.287 Executing VM operation: G1CollectForAllocation done
Event: 657.300 Executing VM operation: Cleanup
Event: 657.300 Executing VM operation: Cleanup done
Event: 661.137 Executing VM operation: HandshakeAllThreads
Event: 661.137 Executing VM operation: HandshakeAllThreads done
Event: 689.392 Executing VM operation: Cleanup
Event: 689.392 Executing VM operation: Cleanup done
Event: 693.440 Executing VM operation: Cleanup
Event: 693.440 Executing VM operation: Cleanup done
Event: 782.306 Executing VM operation: Cleanup
Event: 782.306 Executing VM operation: Cleanup done
Event: 887.259 Executing VM operation: Cleanup
Event: 887.259 Executing VM operation: Cleanup done
Event: 913.004 Executing VM operation: HandshakeAllThreads
Event: 913.004 Executing VM operation: HandshakeAllThreads done
Event: 913.004 Executing VM operation: Cleanup
Event: 913.004 Executing VM operation: Cleanup done
Event: 913.004 Executing VM operation: HandshakeAllThreads
Event: 913.004 Executing VM operation: HandshakeAllThreads done

Events (20 events):
Event: 912.994 Thread 0x0000026f9bc12190 Thread added: 0x0000026f9bc12190
Event: 912.994 Thread 0x0000026f9bc14a10 Thread added: 0x0000026f9bc14a10
Event: 912.994 Thread 0x0000026f9bc126a0 Thread added: 0x0000026f9bc126a0
Event: 913.004 Thread 0x0000026feac8e8e0 flushing nmethod 0x0000026fdf73fc10
Event: 913.005 loading class java/lang/StackTraceElement$HashedModules
Event: 913.005 loading class java/lang/StackTraceElement$HashedModules done
Event: 913.006 Thread 0x0000026feac8e8e0 flushing nmethod 0x0000026fdfbe9590
Event: 913.007 Thread 0x0000026feac8e8e0 flushing nmethod 0x0000026fdfd8b190
Event: 913.009 Thread 0x0000026feac8e8e0 flushing nmethod 0x0000026fd7cc1f90
Event: 913.010 loading class java/util/logging/LogRecord
Event: 913.010 loading class java/util/logging/LogRecord done
Event: 913.017 Thread 0x0000026feac8e8e0 flushing nmethod 0x0000026fd88b9610
Event: 913.017 Thread 0x0000026feac8e8e0 flushing nmethod 0x0000026fd8903a10
Event: 913.018 Thread 0x0000026feac8e8e0 flushing nmethod 0x0000026fd8a26f10
Event: 913.018 Thread 0x0000026feac8e8e0 flushing nmethod 0x0000026fd8a5ea10
Event: 913.020 Thread 0x0000026f9f19ee10 Thread exited: 0x0000026f9f19ee10
Event: 913.020 Thread 0x0000026f9f19cfb0 Thread exited: 0x0000026f9f19cfb0
Event: 913.021 Thread 0x0000026f9f19e900 Thread exited: 0x0000026f9f19e900
Event: 913.023 Thread 0x0000026f9cb59090 Thread added: 0x0000026f9cb59090
Event: 913.023 Thread 0x0000026f9cb59090 Thread exited: 0x0000026f9cb59090


Dynamic libraries:
0x00007ff62f7a0000 - 0x00007ff62f7b0000 	C:\Program Files\Java\jdk-17\bin\java.exe
0x00007ffeedf90000 - 0x00007ffeee188000 	C:\Windows\SYSTEM32\ntdll.dll
0x00007ffeec840000 - 0x00007ffeec8fd000 	C:\Windows\System32\KERNEL32.DLL
0x00007ffeeba30000 - 0x00007ffeebcfe000 	C:\Windows\System32\KERNELBASE.dll
0x00007ffeeb7f0000 - 0x00007ffeeb8f0000 	C:\Windows\System32\ucrtbase.dll
0x00007ffee1a40000 - 0x00007ffee1a59000 	C:\Program Files\Java\jdk-17\bin\jli.dll
0x00007ffedac40000 - 0x00007ffedac5b000 	C:\Program Files\Java\jdk-17\bin\VCRUNTIME140.dll
0x00007ffeedc70000 - 0x00007ffeedd1e000 	C:\Windows\System32\ADVAPI32.dll
0x00007ffeed5e0000 - 0x00007ffeed67e000 	C:\Windows\System32\msvcrt.dll
0x00007ffeedd20000 - 0x00007ffeeddbc000 	C:\Windows\System32\sechost.dll
0x00007ffeec050000 - 0x00007ffeec175000 	C:\Windows\System32\RPCRT4.dll
0x00007ffeec200000 - 0x00007ffeec3a0000 	C:\Windows\System32\USER32.dll
0x00007ffed9420000 - 0x00007ffed96ba000 	C:\Windows\WinSxS\amd64_microsoft.windows.common-controls_6595b64144ccf1df_6.0.19041.1110_none_60b5254171f9507e\COMCTL32.dll
0x00007ffeebd50000 - 0x00007ffeebd72000 	C:\Windows\System32\win32u.dll
0x00007ffeedf20000 - 0x00007ffeedf4a000 	C:\Windows\System32\GDI32.dll
0x00007ffeeb6b0000 - 0x00007ffeeb7bb000 	C:\Windows\System32\gdi32full.dll
0x00007ffeebd80000 - 0x00007ffeebe1d000 	C:\Windows\System32\msvcp_win.dll
0x00007ffedc610000 - 0x00007ffedc61a000 	C:\Windows\SYSTEM32\VERSION.dll
0x00007ffeede40000 - 0x00007ffeede70000 	C:\Windows\System32\IMM32.DLL
0x00007ffee7140000 - 0x00007ffee714c000 	C:\Program Files\Java\jdk-17\bin\vcruntime140_1.dll
0x00007ffecdbe0000 - 0x00007ffecdc6e000 	C:\Program Files\Java\jdk-17\bin\msvcp140.dll
0x00007ffe8c470000 - 0x00007ffe8d050000 	C:\Program Files\Java\jdk-17\bin\server\jvm.dll
0x00007ffeec830000 - 0x00007ffeec838000 	C:\Windows\System32\PSAPI.DLL
0x00007ffed96c0000 - 0x00007ffed96e7000 	C:\Windows\SYSTEM32\WINMM.dll
0x00007ffecdfc0000 - 0x00007ffecdfc9000 	C:\Windows\SYSTEM32\WSOCK32.dll
0x00007ffeeddd0000 - 0x00007ffeede3b000 	C:\Windows\System32\WS2_32.dll
0x00007ffee9f30000 - 0x00007ffee9f42000 	C:\Windows\SYSTEM32\kernel.appcore.dll
0x00007ffee5ee0000 - 0x00007ffee5eea000 	C:\Program Files\Java\jdk-17\bin\jimage.dll
0x00007ffed9710000 - 0x00007ffed98f4000 	C:\Windows\SYSTEM32\DBGHELP.DLL
0x00007ffed7c50000 - 0x00007ffed7c7c000 	C:\Windows\SYSTEM32\dbgcore.DLL
0x00007ffeeb9a0000 - 0x00007ffeeba22000 	C:\Windows\System32\bcryptPrimitives.dll
0x00007ffee5af0000 - 0x00007ffee5afe000 	C:\Program Files\Java\jdk-17\bin\instrument.dll
0x00007ffedabb0000 - 0x00007ffedabd5000 	C:\Program Files\Java\jdk-17\bin\java.dll
0x00007ffec61e0000 - 0x00007ffec62b7000 	C:\Program Files\Java\jdk-17\bin\jsvml.dll
0x00007ffeec960000 - 0x00007ffeed0a3000 	C:\Windows\System32\SHELL32.dll
0x00007ffee9780000 - 0x00007ffee9f15000 	C:\Windows\SYSTEM32\windows.storage.dll
0x00007ffeec3a0000 - 0x00007ffeec6f4000 	C:\Windows\System32\combase.dll
0x00007ffeeb040000 - 0x00007ffeeb070000 	C:\Windows\SYSTEM32\Wldp.dll
0x00007ffeede70000 - 0x00007ffeedf1d000 	C:\Windows\System32\SHCORE.dll
0x00007ffeec900000 - 0x00007ffeec955000 	C:\Windows\System32\shlwapi.dll
0x00007ffeeb5f0000 - 0x00007ffeeb60f000 	C:\Windows\SYSTEM32\profapi.dll
0x00007ffedaa70000 - 0x00007ffedaa88000 	C:\Program Files\Java\jdk-17\bin\zip.dll
0x00007ffed7420000 - 0x00007ffed7439000 	C:\Program Files\Java\jdk-17\bin\net.dll
0x00007ffedb2c0000 - 0x00007ffedb3ca000 	C:\Windows\SYSTEM32\WINHTTP.dll
0x00007ffeeada0000 - 0x00007ffeeae0a000 	C:\Windows\system32\mswsock.dll
0x00007ffed5280000 - 0x00007ffed5296000 	C:\Program Files\Java\jdk-17\bin\nio.dll
0x00007ffee5860000 - 0x00007ffee5870000 	C:\Program Files\Java\jdk-17\bin\verify.dll
0x00007ffedac60000 - 0x00007ffedac87000 	C:\Users\Sora_Windows\.gradle\native\660c5614fbf4a5f2a75b1949f50a0caf5cd603558e7d8a26e50b933a0cfb79d1\windows-amd64\native-platform.dll
0x00007ffeccae0000 - 0x00007ffeccb57000 	C:\Users\Sora_Windows\.gradle\native\0.2.8\x86_64-windows-gnu\gradle-fileevents.dll
0x00007ffee1750000 - 0x00007ffee175a000 	C:\Program Files\Java\jdk-17\bin\management.dll
0x00007ffee04d0000 - 0x00007ffee04db000 	C:\Program Files\Java\jdk-17\bin\management_ext.dll
0x00007ffeeaa90000 - 0x00007ffeeaacb000 	C:\Windows\SYSTEM32\IPHLPAPI.DLL
0x00007ffeeddc0000 - 0x00007ffeeddc8000 	C:\Windows\System32\NSI.dll
0x00007ffee0ca0000 - 0x00007ffee0cb7000 	C:\Windows\SYSTEM32\dhcpcsvc6.DLL
0x00007ffee1fe0000 - 0x00007ffee1ffd000 	C:\Windows\SYSTEM32\dhcpcsvc.DLL
0x00007ffeeaad0000 - 0x00007ffeeab9a000 	C:\Windows\SYSTEM32\DNSAPI.dll
0x00007ffeeaf90000 - 0x00007ffeeafa8000 	C:\Windows\SYSTEM32\CRYPTSP.dll
0x00007ffeea720000 - 0x00007ffeea754000 	C:\Windows\system32\rsaenh.dll
0x00007ffeeb7c0000 - 0x00007ffeeb7e7000 	C:\Windows\System32\bcrypt.dll
0x00007ffeeb5b0000 - 0x00007ffeeb5de000 	C:\Windows\SYSTEM32\USERENV.dll
0x00007ffeeafb0000 - 0x00007ffeeafbc000 	C:\Windows\SYSTEM32\CRYPTBASE.dll
0x00007ffedaba0000 - 0x00007ffedabae000 	C:\Program Files\Java\jdk-17\bin\sunmscapi.dll
0x00007ffeebe20000 - 0x00007ffeebf76000 	C:\Windows\System32\CRYPT32.dll
0x00007ffeeb0b0000 - 0x00007ffeeb0d7000 	C:\Windows\SYSTEM32\ncrypt.dll
0x00007ffeeb070000 - 0x00007ffeeb0ab000 	C:\Windows\SYSTEM32\NTASN1.dll
0x00007ffedac30000 - 0x00007ffedac37000 	C:\Windows\system32\wshunix.dll
0x000000005e400000 - 0x000000005e426000 	C:\Program Files\Bonjour\mdnsNSP.dll
0x00007ffeda8c0000 - 0x00007ffeda8ca000 	C:\Windows\System32\rasadhlp.dll
0x00007ffedb210000 - 0x00007ffedb290000 	C:\Windows\System32\fwpuclnt.dll

dbghelp: loaded successfully - version: 4.0.5 - missing functions: none
symbol engine: initialized successfully - sym options: 0x614 - pdb path: .;C:\Program Files\Java\jdk-17\bin;C:\Windows\SYSTEM32;C:\Windows\WinSxS\amd64_microsoft.windows.common-controls_6595b64144ccf1df_6.0.19041.1110_none_60b5254171f9507e;C:\Program Files\Java\jdk-17\bin\server;C:\Users\Sora_Windows\.gradle\native\660c5614fbf4a5f2a75b1949f50a0caf5cd603558e7d8a26e50b933a0cfb79d1\windows-amd64;C:\Users\Sora_Windows\.gradle\native\0.2.8\x86_64-windows-gnu;C:\Program Files\Bonjour

VM Arguments:
jvm_args: --add-opens=java.base/java.lang=ALL-UNNAMED --add-opens=java.base/java.lang.invoke=ALL-UNNAMED --add-opens=java.base/java.util=ALL-UNNAMED --add-opens=java.prefs/java.util.prefs=ALL-UNNAMED --add-exports=jdk.compiler/com.sun.tools.javac.api=ALL-UNNAMED --add-exports=jdk.compiler/com.sun.tools.javac.util=ALL-UNNAMED --add-opens=java.base/java.util=ALL-UNNAMED --add-opens=java.prefs/java.util.prefs=ALL-UNNAMED --add-opens=java.base/java.nio.charset=ALL-UNNAMED --add-opens=java.base/java.net=ALL-UNNAMED --add-opens=java.base/java.util.concurrent=ALL-UNNAMED --add-opens=java.base/java.util.concurrent.atomic=ALL-UNNAMED --add-opens=java.xml/javax.xml.namespace=ALL-UNNAMED --add-opens=java.base/java.time=ALL-UNNAMED -XX:MaxMetaspaceSize=384m -XX:+HeapDumpOnOutOfMemoryError -Xms256m -Xmx512m -Dfile.encoding=UTF-8 -Duser.country=US -Duser.language=en -Duser.variant -javaagent:C:\Users\Sora_Windows\.gradle\wrapper\dists\gradle-9.2.1-bin\2t0n5ozlw9xmuyvbp7dnzaxug\gradle-9.2.1\lib\agents\gradle-instrumentation-agent-9.2.1.jar 
java_command: org.gradle.launcher.daemon.bootstrap.GradleDaemon 9.2.1
java_class_path (initial): C:\Users\Sora_Windows\.gradle\wrapper\dists\gradle-9.2.1-bin\2t0n5ozlw9xmuyvbp7dnzaxug\gradle-9.2.1\lib\gradle-daemon-main-9.2.1.jar
Launcher Type: SUN_STANDARD

[Global flags]
     intx CICompilerCount                          = 4                                         {product} {ergonomic}
   size_t CompressedClassSpaceSize                 = 335544320                                 {product} {ergonomic}
     uint ConcGCThreads                            = 2                                         {product} {ergonomic}
     uint G1ConcRefinementThreads                  = 8                                         {product} {ergonomic}
   size_t G1HeapRegionSize                         = 1048576                                   {product} {ergonomic}
    uintx GCDrainStackTargetSize                   = 64                                        {product} {ergonomic}
     bool HeapDumpOnOutOfMemoryError               = true                                   {manageable} {command line}
   size_t InitialHeapSize                          = 268435456                                 {product} {command line}
   size_t MarkStackSize                            = 4194304                                   {product} {ergonomic}
   size_t MaxHeapSize                              = 536870912                                 {product} {command line}
   size_t MaxMetaspaceSize                         = 402653184                                 {product} {command line}
   size_t MaxNewSize                               = 321912832                                 {product} {ergonomic}
   size_t MinHeapDeltaBytes                        = 1048576                                   {product} {ergonomic}
   size_t MinHeapSize                              = 268435456                                 {product} {command line}
    uintx NonNMethodCodeHeapSize                   = 5839372                                {pd product} {ergonomic}
    uintx NonProfiledCodeHeapSize                  = 122909434                              {pd product} {ergonomic}
    uintx ProfiledCodeHeapSize                     = 122909434                              {pd product} {ergonomic}
    uintx ReservedCodeCacheSize                    = 251658240                              {pd product} {ergonomic}
     bool SegmentedCodeCache                       = true                                      {product} {ergonomic}
   size_t SoftMaxHeapSize                          = 536870912                              {manageable} {ergonomic}
     bool UseCompressedClassPointers               = true                           {product lp64_product} {ergonomic}
     bool UseCompressedOops                        = true                           {product lp64_product} {ergonomic}
     bool UseG1GC                                  = true                                      {product} {ergonomic}
     bool UseLargePagesIndividualAllocation        = false                                  {pd product} {ergonomic}

Logging:
Log output configuration:
 #0: stdout all=warning uptime,level,tags
 #1: stderr all=off uptime,level,tags

Environment Variables:
PATH=C:\Program Files\Java\jdk-22\bin;C:\Program Files\Common Files\Oracle\Java\javapath;C:\Program Files (x86)\Intel\iCLS Client\;C:\Program Files\Intel\iCLS Client\;C:\Windows\system32;C:\Windows;C:\Windows\System32\Wbem;C:\Windows\System32\WindowsPowerShell\v1.0\;C:\Windows\System32\OpenSSH\;C:\Program Files\Intel\Intel(R) Management Engine Components\DAL;C:\Program Files (x86)\Intel\Intel(R) Management Engine Components\DAL;C:\Program Files\Intel\Intel(R) Management Engine Components\IPT;C:\Program Files (x86)\Intel\Intel(R) Management Engine Components\IPT;C:\Program Files\dotnet\;C:\Program Files\Microsoft SQL Server\150\Tools\Binn\;C:\Program Files\Git\cmd;C:\Users\Sora_Windows\AppData\Local\Microsoft\WindowsApps;;C:\Program Files\JetBrains\IntelliJ IDEA Community Edition 2022.3\bin;;C:\Users\Sora_Windows\AppData\Local\Programs\Microsoft VS Code\bin;C:\Program Files\JetBrains\IntelliJ IDEA 2024.1.1\bin;
USERNAME=Sora_Windows
OS=Windows_NT
PROCESSOR_IDENTIFIER=Intel64 Family 6 Model 70 Stepping 1, GenuineIntel



---------------  S Y S T E M  ---------------

OS:
 Windows 10 , 64 bit Build 19041 (10.0.19041.1889)
OS uptime: 4 days 16:37 hours

CPU: total 8 (initial active 8) (4 cores per cpu, 2 threads per core) family 6 model 70 stepping 1 microcode 0x1c, cx8, cmov, fxsr, ht, mmx, sse, sse2, sse3, ssse3, sse4.1, sse4.2, popcnt, lzcnt, tsc, tscinvbit, avx, avx2, aes, erms, clmul, bmi1, bmi2, fma, vzeroupper, clflush

Memory: 4k page, system-wide physical 16260M (2078M free)
TotalPageFile size 16260M (AvailPageFile size 5M)
current process WorkingSet (physical memory assigned to process): 469M, peak: 502M
current process commit charge ("private bytes"): 532M, peak: 564M

vm_info: Java HotSpot(TM) 64-Bit Server VM (17.0.12+8-LTS-286) for windows-amd64 JRE (17.0.12+8-LTS-286), built on Jun  5 2024 06:46:59 by "mach5one" with MS VC++ 17.6 (VS2022)

END.
